  -1.500000000      0.5528130017    
  -1.496250000      0.5629068583    
  -1.492500000      0.5743046153    
  -1.488750000      0.5872121711    
  -1.485000000      0.6025203093    
  -1.481250000      0.6202390797    
  -1.477500000      0.6406089594    
  -1.473750000      0.6638205844    
  -1.470000000      0.6907842600    
  -1.466250000      0.7221698346    
  -1.462500000      0.7589682164    
  -1.458750000      0.8025071931    
  -1.455000000      0.8547279176    
  -1.451250000      0.9179290642    
  -1.447500000      0.9948761076    
  -1.443750000       1.090959933    
  -1.440000000       1.211894329    
  -1.436250000       1.365435676    
  -1.432500000       1.560825688    
  -1.428750000       1.811627971    
  -1.425000000       2.168556547    
  -1.421250000       2.723988577    
  -1.417500000       3.179285586    
  -1.413750000       2.663828119    
  -1.410000000       2.018627093    
  -1.406250000       1.651712100    
  -1.402500000       1.447765510    
  -1.398750000       1.331640285    
  -1.395000000       1.271307863    
  -1.391250000       1.252582519    
  -1.387500000       1.267353088    
  -1.383750000       1.305108753    
  -1.380000000       1.347443238    
  -1.376250000       1.378650878    
  -1.372500000       1.406070416    
  -1.368750000       1.450272555    
  -1.365000000       1.516490461    
  -1.361250000       1.587601992    
  -1.357500000       1.650431087    
  -1.353750000       1.718572748    
  -1.350000000       1.809154001    
  -1.346250000       1.925512763    
  -1.342500000       2.061661428    
  -1.338750000       2.205917840    
  -1.335000000       2.334748870    
  -1.331250000       2.409748700    
  -1.327500000       2.398322961    
  -1.323750000       2.304667714    
  -1.320000000       2.167987516    
  -1.316250000       2.030243477    
  -1.312500000       1.915949398    
  -1.308750000       1.830794235    
  -1.305000000       1.767259384    
  -1.301250000       1.714847429    
  -1.297500000       1.676527482    
  -1.293750000       1.659606545    
  -1.290000000       1.546036720    
  -1.286250000       1.464129070    
  -1.282500000       1.409783721    
  -1.278750000       1.370805216    
  -1.275000000       1.343511479    
  -1.271250000       1.326136873    
  -1.267500000       1.317593759    
  -1.263750000       1.317103241    
  -1.260000000       1.324136450    
  -1.256250000       1.338310966    
  -1.252500000       1.357820851    
  -1.248750000       1.383772995    
  -1.245000000       1.405854657    
  -1.241250000       1.435102144    
  -1.237500000       1.465766684    
  -1.233750000       1.492461127    
  -1.230000000       1.514152382    
  -1.226250000       1.537835256    
  -1.222500000       1.556478018    
  -1.218750000       1.577733707    
  -1.215000000       1.603104980    
  -1.211250000       1.632880252    
  -1.207500000       1.667345303    
  -1.203750000       1.708605749    
  -1.200000000       1.759447228    
  -1.196250000       1.821897425    
  -1.192500000       1.900905191    
  -1.188750000       2.008365165    
  -1.185000000       2.159004074    
  -1.181250000       2.372001447    
  -1.177500000       2.646337458    
  -1.173750000       3.018660898    
  -1.170000000       3.515114441    
  -1.166250000       4.094949216    
  -1.162500000       4.525794883    
  -1.158750000       4.748524172    
  -1.155000000       4.757398705    
  -1.151250000       4.672220058    
  -1.147500000       4.632351943    
  -1.143750000       4.725479793    
  -1.140000000       4.976077795    
  -1.136250000       5.375975984    
  -1.132500000       5.887399304    
  -1.128750000       6.470648561    
  -1.125000000       7.145434124    
  -1.121250000       7.755381398    
  -1.117500000       8.379445535    
  -1.113750000       8.921280299    
  -1.110000000       10.37723303    
  -1.106250000       10.59854611    
  -1.102500000       10.55748474    
  -1.098750000       10.03138985    
  -1.095000000       9.259114979    
  -1.091250000       8.550173958    
  -1.087500000       7.985040098    
  -1.083750000       7.572357747    
  -1.080000000       7.739644496    
  -1.076250000       6.289208933    
  -1.072500000       5.502659369    
  -1.068750000       5.102940164    
  -1.065000000       4.850837684    
  -1.061250000       4.681314729    
  -1.057500000       4.581670750    
  -1.053750000       4.465178185    
  -1.050000000       4.064377411    
  -1.046250000       4.731322831    
  -1.042500000       4.283625337    
  -1.038750000       4.483219018    
  -1.035000000       4.293217090    
  -1.031250000       4.600515160    
  -1.027500000       4.793603616    
  -1.023750000       4.675147821    
  -1.020000000       4.333763697    
  -1.016250000       5.134049551    
  -1.012500000       5.522088791    
  -1.008750000       5.620357519    
  -1.005000000       5.547780073    
  -1.001250000       6.003104541    
 -0.9975000000       6.686038858    
 -0.9937500000       4.967845343    
 -0.9900000000       4.790888826    
 -0.9862500000       4.847715624    
 -0.9825000000       5.057637877    
 -0.9787500000       5.497484814    
 -0.9750000000       6.246416693    
 -0.9712500000       7.136125536    
 -0.9675000000       7.454769274    
 -0.9637500000       6.688715136    
 -0.9600000000       5.919248308    
 -0.9562500000       5.605604888    
 -0.9525000000       5.719558550    
 -0.9487500000       6.131150535    
 -0.9450000000       6.707958494    
 -0.9412500000       7.115758913    
 -0.9375000000       7.369312670    
 -0.9337500000       6.952241742    
 -0.9300000000       6.162014665    
 -0.9262500000       5.229536325    
 -0.9225000000       4.385710053    
 -0.9187500000       3.695824286    
 -0.9150000000       3.137149826    
 -0.9112500000       2.660482080    
 -0.9075000000       2.246507027    
 -0.9037500000       1.905410541    
 -0.9000000000       1.639123710    
 -0.8962500000       1.434993910    
 -0.8925000000       1.277878685    
 -0.8887500000       1.155660957    
 -0.8850000000       1.056952829    
 -0.8812500000      0.9677109889    
 -0.8775000000      0.8825509082    
 -0.8737500000      0.8122647052    
 -0.8700000000      0.7558954923    
 -0.8662500000      0.7106889416    
 -0.8625000000      0.6730133966    
 -0.8587500000      0.6426506918    
 -0.8550000000      0.6211453747    
 -0.8512500000      0.6283313442    
 -0.8475000000      0.6265858074    
 -0.8437500000      0.5601265112    
 -0.8400000000      0.5389270823    
 -0.8362500000      0.5251565027    
 -0.8325000000      0.5143585662    
 -0.8287500000      0.5055628124    
 -0.8250000000      0.4949251612    
 -0.8212500000      0.4830493304    
 -0.8175000000      0.4695026528    
 -0.8137500000      0.4543943894    
 -0.8100000000      0.4388385657    
 -0.8062500000      0.4234198443    
 -0.8025000000      0.4074658785    
 -0.7987500000      0.3903876205    
 -0.7950000000      0.3751471870    
 -0.7912500000      0.3624020496    
 -0.7875000000      0.3522167412    
 -0.7837500000      0.3444266305    
 -0.7800000000      0.3384267435    
 -0.7762500000      0.3343423164    
 -0.7725000000      0.3308802583    
 -0.7687500000      0.3287843148    
 -0.7650000000      0.3283838445    
 -0.7612500000      0.3294858245    
 -0.7575000000      0.3320301831    
 -0.7537500000      0.3372537208    
 -0.7500000000      0.3440373695    
 -0.7462500000      0.3504721551    
 -0.7425000000      0.3603621365    
 -0.7387500000      0.3730091812    
 -0.7350000000      0.3886526668    
 -0.7312500000      0.4377666024    
 -0.7275000000      0.4502846066    
 -0.7237500000      0.4769559386    
 -0.7200000000      0.4972666145    
 -0.7162500000      0.4888794273    
 -0.7125000000      0.4660908607    
 -0.7087500000      0.4465141572    
 -0.7050000000      0.4382568251    
 -0.7012500000      0.4539410471    
 -0.6975000000      0.4420568594    
 -0.6937500000      0.4566543935    
 -0.6900000000      0.4803065003    
 -0.6862500000      0.5244431469    
 -0.6825000000      0.6167675841    
 -0.6787500000      0.9901712338    
 -0.6750000000       1.130181859    
 -0.6712500000       1.163793294    
 -0.6675000000       1.947147785    
 -0.6637500000       2.103813425    
 -0.6600000000       3.399922082    
 -0.6562500000       2.921403913    
 -0.6525000000       2.687599851    
 -0.6487500000       1.462684932    
 -0.6450000000       1.073531930    
 -0.6412500000      0.9561557605    
 -0.6375000000      0.9220841430    
 -0.6337500000      0.9261547789    
 -0.6300000000      0.9661677458    
 -0.6262500000      0.9690988503    
 -0.6225000000      0.9988826337    
 -0.6187500000       1.118629547    
 -0.6150000000       1.053181542    
 -0.6112500000      0.7989587334    
 -0.6075000000      0.6505211769    
 -0.6037500000      0.5707854708    
 -0.6000000000      0.5047565536    
 -0.5962500000      0.4349457280    
 -0.5925000000      0.3674948135    
 -0.5887500000      0.2974756952    
 -0.5850000000      0.2522889044    
 -0.5812500000      0.2185944947    
 -0.5775000000      0.1923108550    
 -0.5737500000      0.1714110960    
 -0.5700000000      0.1550406902    
 -0.5662500000      0.1422040863    
 -0.5625000000      0.1321862687    
 -0.5587500000      0.1244041375    
 -0.5550000000      0.1191870522    
 -0.5512500000      0.1154256789    
 -0.5475000000      0.1130838975    
 -0.5437500000      0.1118146704    
 -0.5400000000      0.1120635469    
 -0.5362500000      0.1132630117    
 -0.5325000000      0.1148191689    
 -0.5287500000      0.1167173260    
 -0.5250000000      0.1189780638    
 -0.5212500000      0.1215357139    
 -0.5175000000      0.1245013496    
 -0.5137500000      0.1277745473    
 -0.5100000000      0.1313623056    
 -0.5062500000      0.1352748632    
 -0.5025000000      0.1395240962    
 -0.4987500000      0.1441349329    
 -0.4950000000      0.1491012296    
 -0.4912500000      0.1544600565    
 -0.4875000000      0.1602426249    
 -0.4837500000      0.1664725322    
 -0.4800000000      0.1731735667    
 -0.4762500000      0.1802525315    
 -0.4725000000      0.1877957481    
 -0.4687500000      0.1966513319    
 -0.4650000000      0.2058484459    
 -0.4612500000      0.2157805620    
 -0.4575000000      0.2265598902    
 -0.4537500000      0.2382924093    
 -0.4500000000      0.2510982521    
 -0.4462500000      0.2651180513    
 -0.4425000000      0.2805180844    
 -0.4387500000      0.2974962924    
 -0.4350000000      0.3162902322    
 -0.4312500000      0.3371873571    
 -0.4275000000      0.3605388823    
 -0.4237500000      0.3867791211    
 -0.4200000000      0.4164483152    
 -0.4162500000      0.4502318564    
 -0.4125000000      0.4890290393    
 -0.4087500000      0.5340137792    
 -0.4050000000      0.5867739657    
 -0.4012500000      0.6495231776    
 -0.3975000000      0.7254562710    
 -0.3937500000      0.8194050903    
 -0.3900000000      0.9391267330    
 -0.3862500000       1.098102206    
 -0.3825000000       1.322413567    
 -0.3787500000       1.670739337    
 -0.3750000000       2.303961814    
 -0.3712500000       3.785760737    
 -0.3675000000       7.571990193    
 -0.3637500000       7.197322032    
 -0.3600000000       5.510621718    
 -0.3562500000       6.802948231    
 -0.3525000000       11.90276799    
 -0.3487500000       19.96729581    
 -0.3450000000       30.85624825    
 -0.3412500000       55.33257313    
 -0.3375000000       30.53517147    
 -0.3337500000       20.17783499    
 -0.3300000000       27.91871761    
 -0.3262500000       35.22417896    
 -0.3225000000       35.40943675    
 -0.3187500000       26.75792416    
 -0.3150000000       14.40926998    
 -0.3112500000       11.73307208    
 -0.3075000000       14.07522909    
 -0.3037500000       24.31159925    
 -0.3000000000       53.39249156    
 -0.2962500000       52.86423846    
 -0.2925000000       39.53784299    
 -0.2887500000       61.14050988    
 -0.2850000000       51.13283761    
 -0.2812500000       34.53369611    
 -0.2775000000       27.78200342    
 -0.2737500000       34.50036352    
 -0.2700000000       45.70187866    
 -0.2662500000       64.53504379    
 -0.2625000000       47.95840495    
 -0.2587500000       44.39736938    
 -0.2550000000       42.52493629    
 -0.2512500000       49.25985516    
 -0.2475000000       42.39936334    
 -0.2437500000       43.21944896    
 -0.2400000000       34.20733716    
 -0.2362500000       18.72228525    
 -0.2325000000       9.912346102    
 -0.2287500000       5.985820001    
 -0.2250000000       4.152274307    
 -0.2212500000       3.125299911    
 -0.2175000000       2.475976022    
 -0.2137500000       2.031485610    
 -0.2100000000       1.709923129    
 -0.2062500000       1.467683335    
 -0.2025000000       1.279274429    
 -0.1987500000       1.129049732    
 -0.1950000000       1.006841396    
 -0.1912500000      0.9057588441    
 -0.1875000000      0.8209744067    
 -0.1837500000      0.7490136338    
 -0.1800000000      0.6872974956    
 -0.1762500000      0.6338897411    
 -0.1725000000      0.5873050797    
 -0.1687500000      0.5463860303    
 -0.1650000000      0.5102179708    
 -0.1612500000      0.4780691938    
 -0.1575000000      0.4493478008    
 -0.1537500000      0.4235701784    
 -0.1500000000      0.4003375920    
 -0.1462500000      0.3793185648    
 -0.1425000000      0.3602354463    
 -0.1387500000      0.3428540560    
 -0.1350000000      0.3269756133    
 -0.1312500000      0.3124303883    
 -0.1275000000      0.2990726620    
 -0.1237500000      0.2867766936    
 -0.1200000000      0.2754334675    
 -0.1162500000      0.2649480512    
 -0.1125000000      0.2552374333    
 -0.1087500000      0.2462287457    
 -0.1050000000      0.2378577915    
 -0.1012500000      0.2300678194    
 -0.9750000000E-01  0.2228084980    
 -0.9375000000E-01  0.2160350558    
 -0.9000000000E-01  0.2097075540    
 -0.8625000000E-01  0.2037902689    
 -0.8250000000E-01  0.1982511663    
 -0.7875000000E-01  0.1930614514    
 -0.7500000000E-01  0.1881951826    
 -0.7125000000E-01  0.1836289396    
 -0.6750000000E-01  0.1793415357    
 -0.6375000000E-01  0.1753137690    
 -0.6000000000E-01  0.1715282044    
 -0.5625000000E-01  0.1679689860    
 -0.5250000000E-01  0.1646216722    
 -0.4875000000E-01  0.1614730920    
 -0.4500000000E-01  0.1585112154    
 -0.4125000000E-01  0.1557250412    
 -0.3750000000E-01  0.1531044955    
 -0.3375000000E-01  0.1506403607    
 -0.3000000000E-01  0.1483242001    
 -0.2625000000E-01  0.1461482362    
 -0.2250000000E-01  0.1441053374    
 -0.1875000000E-01  0.1421889677    
 -0.1500000000E-01  0.1403931070    
 -0.1125000000E-01  0.1387122613    
 -0.7500000000E-02  0.1371412265    
 -0.3750000000E-02  0.1356755651    
 -0.5551115123E-16  0.1343109699    
  0.3750000000E-02  0.1330434299    
  0.7500000000E-02  0.1318694182    
  0.1125000000E-01  0.1307856800    
  0.1500000000E-01  0.1297892495    
  0.1875000000E-01  0.1288774250    
  0.2250000000E-01  0.1280477947    
  0.2625000000E-01  0.1272981281    
  0.3000000000E-01  0.1266265244    
  0.3375000000E-01  0.1260312491    
  0.3750000000E-01  0.1255108135    
  0.4125000000E-01  0.1250638034    
  0.4500000000E-01  0.1246890558    
  0.4875000000E-01  0.1243858286    
  0.5250000000E-01  0.1241534033    
  0.5625000000E-01  0.1239912565    
  0.6000000000E-01  0.1238990910    
  0.6375000000E-01  0.1238768109    
  0.6750000000E-01  0.1239244439    
  0.7125000000E-01  0.1240422359    
  0.7500000000E-01  0.1242306756    
  0.7875000000E-01  0.1244904649    
  0.8250000000E-01  0.1248225200    
  0.8625000000E-01  0.1252279857    
  0.9000000000E-01  0.1257082475    
  0.9375000000E-01  0.1262649428    
  0.9750000000E-01  0.1268999789    
  0.1012500000      0.1276156008    
  0.1050000000      0.1284145345    
  0.1087500000      0.1292998610    
  0.1125000000      0.1302747864    
  0.1162500000      0.1313429445    
  0.1200000000      0.1325085520    
  0.1237500000      0.1337764005    
  0.1275000000      0.1351518872    
  0.1312500000      0.1366410903    
  0.1350000000      0.1382508693    
  0.1387500000      0.1399889807    
  0.1425000000      0.1418642083    
  0.1462500000      0.1438865276    
  0.1500000000      0.1460673098    
  0.1537500000      0.1484195723    
  0.1575000000      0.1509582845    
  0.1612500000      0.1537007516    
  0.1650000000      0.1566671032    
  0.1687500000      0.1598809202    
  0.1725000000      0.1633700486    
  0.1762500000      0.1671676729    
  0.1800000000      0.1713137533    
  0.1837500000      0.1758569857    
  0.1875000000      0.1808575290    
  0.1912500000      0.1863908838    
  0.1950000000      0.1925535422    
  0.1987500000      0.1994714483    
  0.2025000000      0.2073130687    
  0.2062500000      0.2163102980    
  0.2100000000      0.2267940059    
  0.2137500000      0.2392554391    
  0.2175000000      0.2544523539    
  0.2212500000      0.2736335449    
  0.2250000000      0.2989977408    
  0.2287500000      0.3347598356    
  0.2325000000      0.3899169985    
  0.2362500000      0.4864980679    
  0.2400000000      0.6884524738    
  0.2437500000       1.210242444    
  0.2475000000       2.314551590    
  0.2512500000       1.791568879    
  0.2550000000      0.9782566697    
  0.2587500000      0.7107620389    
  0.2625000000      0.6350485815    
  0.2662500000      0.6361007555    
  0.2700000000      0.6828346943    
  0.2737500000      0.7714868862    
  0.2775000000      0.9139615441    
  0.2812500000       1.141692304    
  0.2850000000       1.526389205    
  0.2887500000       2.245800082    
  0.2925000000       3.814886627    
  0.2962500000       7.962759169    
  0.3000000000       16.96544455    
  0.3037500000       13.23707583    
  0.3075000000       8.001310721    
  0.3112500000       9.534204602    
  0.3150000000       9.012500796    
  0.3187500000       4.520650113    
  0.3225000000       2.737049709    
  0.3262500000       2.114133739    
  0.3300000000       1.967739273    
  0.3337500000       2.154639962    
  0.3375000000       2.810216341    
  0.3412500000       4.600261642    
  0.3450000000       9.706198558    
  0.3487500000       13.41696112    
  0.3525000000       7.128770070    
  0.3562500000       4.754588176    
  0.3600000000       4.924131938    
  0.3637500000       7.424365892    
  0.3675000000       15.54897650    
  0.3712500000       26.55535697    
  0.3750000000       14.30661636    
  0.3787500000       7.048365383    
  0.3825000000       4.756943169    
  0.3862500000       4.231573379    
  0.3900000000       4.736883862    
  0.3937500000       6.543753149    
  0.3975000000       11.30856887    
  0.4012500000       25.08689298    
  0.4050000000       50.46342473    
  0.4087500000       30.44927781    
  0.4125000000       12.88166404    
  0.4162500000       6.712173150    
  0.4200000000       4.178037056    
  0.4237500000       2.940814003    
  0.4275000000       2.261108746    
  0.4312500000       1.859103741    
  0.4350000000       1.612542229    
  0.4387500000       1.462258772    
  0.4425000000       1.377835016    
  0.4462500000       1.343591036    
  0.4500000000       1.352660594    
  0.4537500000       1.404580963    
  0.4575000000       1.505207607    
  0.4612500000       1.668824276    
  0.4650000000       1.923971485    
  0.4687500000       2.327726717    
  0.4725000000       3.003104872    
  0.4762500000       4.251009422    
  0.4800000000       6.949330410    
  0.4837500000       14.15370316    
  0.4875000000       31.08191564    
  0.4912500000       24.65398136    
  0.4950000000       12.53524859    
  0.4987500000       9.800844054    
  0.5025000000       11.71087919    
  0.5062500000       19.86010838    
  0.5100000000       43.31003896    
  0.5137500000       69.82960048    
  0.5175000000       51.65871179    
  0.5212500000       22.22212460    
  0.5250000000       11.15956270    
  0.5287500000       6.847554505    
  0.5325000000       4.861584121    
  0.5362500000       3.873292489    
  0.5400000000       3.437279948    
  0.5437500000       3.458644703    
  0.5475000000       4.194698313    
  0.5512500000       6.854315420    
  0.5550000000       10.99210280    
  0.5587500000       7.117636432    
  0.5625000000       5.863242740    
  0.5662500000       8.007360155    
  0.5700000000       13.85421176    
  0.5737500000       17.95870109    
  0.5775000000       13.86538472    
  0.5812500000       9.993741819    
  0.5850000000       13.70348069    
  0.5887500000       20.33821484    
  0.5925000000       12.06305168    
  0.5962500000       8.825127246    
  0.6000000000       11.29127165    
  0.6037500000       17.02461317    
  0.6075000000       12.01673111    
  0.6112500000       9.776958672    
  0.6150000000       12.30038523    
  0.6187500000       22.18557995    
  0.6225000000       50.42673941    
  0.6262500000       47.41768668    
  0.6300000000       31.67247178    
  0.6337500000       27.18127239    
  0.6375000000       17.72238924    
  0.6412500000       18.48230567    
  0.6450000000       27.41665621    
  0.6487500000       30.56697900    
  0.6525000000       53.11759973    
  0.6562500000       64.75929799    
  0.6600000000       71.83233203    
  0.6637500000       63.65952491    
  0.6675000000       27.46815461    
  0.6712500000       14.90662140    
  0.6750000000       10.78927294    
  0.6787500000       10.37200628    
  0.6825000000       14.07684321    
  0.6862500000       24.61318193    
  0.6900000000       32.26406784    
  0.6937500000       53.40249356    
  0.6975000000       43.73814521    
  0.7012500000       18.87390602    
  0.7050000000       9.138300067    
  0.7087500000       5.452081048    
  0.7125000000       3.771023364    
  0.7162500000       2.874322506    
  0.7200000000       2.354535820    
  0.7237500000       2.255310051    
  0.7275000000       2.243433365    
  0.7312500000       2.271189255    
  0.7350000000       2.290064549    
  0.7387500000       2.233891533    
  0.7425000000       2.077789679    
  0.7462500000       1.901098514    
  0.7500000000       1.789545119    
  0.7537500000       1.806626246    
  0.7575000000       1.842939037    
  0.7612500000       1.739095860    
  0.7650000000       1.879640991    
  0.7687500000       2.292405520    
  0.7725000000       1.906237844    
  0.7762500000       2.745048618    
  0.7800000000       3.038398166    
  0.7837500000       3.664198123    
  0.7875000000       3.875621795    
  0.7912500000       4.638881967    
  0.7950000000       4.882005031    
  0.7987500000       5.262937301    
  0.8025000000       6.305410262    
  0.8062500000       8.419356373    
  0.8100000000       12.26683702    
  0.8137500000       19.00881468    
  0.8175000000       27.39662117    
  0.8212500000       31.88280276    
  0.8250000000       20.44515904    
  0.8287500000       13.59189505    
  0.8325000000       10.68629536    
  0.8362500000       10.40807941    
  0.8400000000       6.553067945    
  0.8437500000       5.751377841    
  0.8475000000       4.810048141    
  0.8512500000       4.118231993    
  0.8550000000       3.857658521    
  0.8587500000       4.081513039    
  0.8625000000       4.276696407    
  0.8662500000       3.809548616    
  0.8700000000       3.629866164    
  0.8737500000       3.608799389    
  0.8775000000       3.711128285    
  0.8812500000       3.869270945    
  0.8850000000       4.106281781    
  0.8887500000       4.421606659    
  0.8925000000       4.754352857    
  0.8962500000       5.036921650    
  0.9000000000       5.152146235    
  0.9037500000       5.194903606    
  0.9075000000       5.305123441    
  0.9112500000       5.615854981    
  0.9150000000       6.226942585    
  0.9187500000       7.308653853    
  0.9225000000       8.737278074    
  0.9262500000       9.812085181    
  0.9300000000       9.545349028    
  0.9337500000       8.276056633    
  0.9375000000       7.010211207    
  0.9412500000       6.220386609    
  0.9450000000       6.003455215    
  0.9487500000       6.263679712    
  0.9525000000       7.194259461    
  0.9562500000       9.795604267    
  0.9600000000       19.03302277    
  0.9637500000       23.34215421    
  0.9675000000       13.07907709    
  0.9712500000       10.94921150    
  0.9750000000       10.57127764    
  0.9787500000       10.63971844    
  0.9825000000       10.90860886    
  0.9862500000       11.29835296    
  0.9900000000       12.02371078    
  0.9937500000       12.22276789    
  0.9975000000       12.35358567    
   1.001250000       13.97886470    
   1.005000000       19.24798165    
   1.008750000       32.39011301    
   1.012500000       32.74138145    
   1.016250000       20.82631121    
   1.020000000       15.58053191    
   1.023750000       13.06222656    
   1.027500000       11.48757161    
   1.031250000       11.78517634    
   1.035000000       10.95217952    
   1.038750000       9.882514791    
   1.042500000       9.127757733    
   1.046250000       6.933112740    
   1.050000000       5.527090285    
   1.053750000       4.847498937    
   1.057500000       5.311508749    
   1.061250000       22.48687431    
   1.065000000       5.569419572    
   1.068750000       3.916617428    
   1.072500000       3.512864022    
   1.076250000       3.364208415    
   1.080000000       3.340172304    
   1.083750000       3.130559823    
   1.087500000       3.447256476    
   1.091250000       3.698872892    
   1.095000000       3.715653607    
   1.098750000       3.764590010    
   1.102500000       4.051622384    
   1.106250000       4.842563504    
   1.110000000       6.777822042    
   1.113750000       7.516320103    
   1.117500000       5.821611523    
   1.121250000       5.099193242    
   1.125000000       4.848377028    
   1.128750000       4.926803066    
   1.132500000       5.274942647    
   1.136250000       9.284679264    
   1.140000000       6.721315907    
   1.143750000       8.217461736    
   1.147500000       10.66717525    
   1.151250000       14.53688199    
   1.155000000       20.85738707    
   1.158750000       28.81355411    
   1.162500000       54.78187525    
   1.166250000       22.21788555    
   1.170000000       22.04064562    
   1.173750000       23.96520583    
   1.177500000       24.54632300    
   1.181250000       24.95366287    
   1.185000000       22.14899785    
   1.188750000       17.80695241    
   1.192500000       14.51306317    
   1.196250000       12.79880682    
   1.200000000       14.50268825    
   1.203750000       11.56363111    
   1.207500000       10.83234768    
   1.211250000       10.04195381    
   1.215000000       9.664432838    
   1.218750000       9.598569097    
   1.222500000       10.75024197    
   1.226250000       10.22206048    
   1.230000000       10.73098934    
   1.233750000       12.62998204    
   1.237500000       14.31248298    
   1.241250000       12.42188875    
   1.245000000       13.27070724    
   1.248750000       15.60432581    
   1.252500000       19.29219519    
   1.256250000       21.33434747    
   1.260000000       20.31144508    
   1.263750000       21.77252886    
   1.267500000       30.64335018    
   1.271250000       18.75615440    
   1.275000000       14.34478768    
   1.278750000       13.14576184    
   1.282500000       12.58415188    
   1.286250000       12.55300119    
   1.290000000       12.23134108    
   1.293750000       11.99073721    
   1.297500000       17.04410090    
   1.301250000       15.84189102    
   1.305000000       15.58845175    
   1.308750000       22.31241122    
   1.312500000       12.87892055    
   1.316250000       12.96446418    
   1.320000000       14.65175561    
   1.323750000       12.81612060    
   1.327500000       10.94368195    
   1.331250000       10.42408088    
   1.335000000       10.86805649    
   1.338750000       14.55331444    
   1.342500000       14.51845048    
   1.346250000       12.37233494    
   1.350000000       10.76392443    
   1.353750000       10.60512983    
   1.357500000       10.49244115    
   1.361250000       10.65937465    
   1.365000000       11.47618438    
   1.368750000       13.91159970    
   1.372500000       23.49600679    
   1.376250000       53.90844790    
   1.380000000       30.97743913    
   1.383750000       27.10429603    
   1.387500000       108.2092826    
   1.391250000       45.11467633    
   1.395000000       31.79154899    
   1.398750000       21.60825194    
   1.402500000       19.58116864    
   1.406250000       18.58500845    
   1.410000000       18.08188794    
   1.413750000       18.06941464    
   1.417500000       18.37119754    
   1.421250000       18.33128954    
   1.425000000       19.13780368    
   1.428750000       17.17668556    
   1.432500000       16.50156257    
   1.436250000       16.30889149    
   1.440000000       16.64190498    
   1.443750000       17.78042328    
   1.447500000       16.46109959    
   1.451250000       15.92117604    
   1.455000000       16.46100244    
   1.458750000       23.24269242    
   1.462500000       15.54047394    
   1.466250000       19.35330430    
   1.470000000       17.80801470    
   1.473750000       18.27217208    
   1.477500000       19.76827039    
   1.481250000       22.05783832    
   1.485000000       23.45346394    
   1.488750000       23.66391111    
   1.492500000       22.59668775    
   1.496250000       22.65387103    
