   0.000000000      0.1967169445E-04   0.000000000       0.000000000    
  0.5000000000      0.5488511668E-04  0.3469446952E-17   0.000000000    
   1.000000000      0.4896786069E-04   0.000000000       0.000000000    
   1.500000000     -0.5199633430E-05  0.3469446952E-17   0.000000000    
   2.000000000     -0.1012963905E-03   0.000000000       0.000000000    
   2.500000000     -0.2218195602E-03  0.3469446952E-17   0.000000000    
   3.000000000     -0.3515228011E-03  0.3469446952E-17   0.000000000    
   3.500000000     -0.4853140292E-03 -0.3469446952E-17   0.000000000    
   4.000000000     -0.6224709314E-03 -0.3469446952E-17   0.000000000    
   4.500000000     -0.7610246421E-03  0.3469446952E-17   0.000000000    
   5.000000000     -0.9021721268E-03   0.000000000       0.000000000    
   5.500000000     -0.1052315175E-02  0.6938893904E-17 -0.6938893904E-17
   6.000000000     -0.1213257436E-02   0.000000000       0.000000000    
   6.500000000     -0.1375171054E-02 -0.3469446952E-17  0.6938893904E-17
   7.000000000     -0.1526384296E-02  0.3469446952E-17   0.000000000    
   7.500000000     -0.1666577424E-02 -0.3469446952E-17   0.000000000    
   8.000000000     -0.1803112510E-02 -0.3469446952E-17   0.000000000    
   8.500000000     -0.1937144043E-02  0.3469446952E-17   0.000000000    
   9.000000000     -0.2061297222E-02 -0.3469446952E-17   0.000000000    
   9.500000000     -0.2170859016E-02  0.3469446952E-17 -0.6938893904E-17
   10.00000000     -0.2269775435E-02  0.3469446952E-17 -0.6938893904E-17
   10.50000000     -0.2363375174E-02   0.000000000       0.000000000    
   11.00000000     -0.2450682346E-02 -0.3469446952E-17   0.000000000    
   11.50000000     -0.2527208244E-02  0.3469446952E-17   0.000000000    
   12.00000000     -0.2591930551E-02  0.3469446952E-17   0.000000000    
   12.50000000     -0.2647980259E-02  0.3469446952E-17   0.000000000    
   13.00000000     -0.2697481680E-02  0.3469446952E-17   0.000000000    
   13.50000000     -0.2738344846E-02 -0.3469446952E-17   0.000000000    
   14.00000000     -0.2766041413E-02  0.3469446952E-17   0.000000000    
   14.50000000     -0.2777271172E-02   0.000000000       0.000000000    
   15.00000000     -0.2771819802E-02  0.3469446952E-17   0.000000000    
   15.50000000     -0.2751492004E-02   0.000000000       0.000000000    
   16.00000000     -0.2717001803E-02 -0.3469446952E-17   0.000000000    
   16.50000000     -0.2665700832E-02 -0.3469446952E-17   0.000000000    
   17.00000000     -0.2593037543E-02  0.3469446952E-17   0.000000000    
   17.50000000     -0.2496909413E-02 -0.3469446952E-17   0.000000000    
   18.00000000     -0.2379896272E-02  0.3469446952E-17 -0.6938893904E-17
   18.50000000     -0.2246465398E-02 -0.3469446952E-17   0.000000000    
   19.00000000     -0.2098337246E-02  0.3469446952E-17 -0.6938893904E-17
   19.50000000     -0.1933527183E-02   0.000000000       0.000000000    
   20.00000000     -0.1749490249E-02  0.3469446952E-17   0.000000000    
   20.50000000     -0.1545678184E-02  0.3469446952E-17 -0.6938893904E-17
   21.00000000     -0.1322723692E-02 -0.3469446952E-17  0.6938893904E-17
   21.50000000     -0.1080729424E-02  0.3469446952E-17   0.000000000    
   22.00000000     -0.8196855129E-03  0.3469446952E-17   0.000000000    
   22.50000000     -0.5413002691E-03 -0.3469446952E-17   0.000000000    
   23.00000000     -0.2489356678E-03 -0.3469446952E-17   0.000000000    
   23.50000000      0.5492035276E-04 -0.3469446952E-17   0.000000000    
   24.00000000      0.3708210474E-03  0.3469446952E-17   0.000000000    
   24.50000000      0.7015199043E-03  0.3469446952E-17   0.000000000    
   25.00000000      0.1048755022E-02  0.6938893904E-17 -0.6938893904E-17
   25.50000000      0.1411242872E-02  0.6938893904E-17 -0.6938893904E-17
   26.00000000      0.1785978221E-02 -0.3469446952E-17  0.6938893904E-17
   26.50000000      0.2171062908E-02   0.000000000       0.000000000    
   27.00000000      0.2566687095E-02 -0.3469446952E-17   0.000000000    
   27.50000000      0.2973490066E-02 -0.3469446952E-17   0.000000000    
   28.00000000      0.3391222298E-02  0.6938893904E-17 -0.6938893904E-17
   28.50000000      0.3819416825E-02  0.3469446952E-17 -0.6938893904E-17
   29.00000000      0.4258291715E-02   0.000000000       0.000000000    
   29.50000000      0.4707854432E-02  0.6938893904E-17 -0.6938893904E-17
   30.00000000      0.5166954274E-02 -0.3469446952E-17   0.000000000    
   30.50000000      0.5634103585E-02  0.3469446952E-17 -0.6938893904E-17
   31.00000000      0.6108805781E-02  0.6938893904E-17  0.1387778781E-16
   31.50000000      0.6591105818E-02   0.000000000       0.000000000    
   32.00000000      0.7080465451E-02  0.3469446952E-17   0.000000000    
   32.50000000      0.7575870871E-02 -0.3469446952E-17  0.6938893904E-17
   33.00000000      0.8076600564E-02  0.6938893904E-17  0.1387778781E-16
   33.50000000      0.8581783483E-02   0.000000000       0.000000000    
   34.00000000      0.9089730484E-02   0.000000000       0.000000000    
   34.50000000      0.9598967494E-02   0.000000000       0.000000000    
   35.00000000      0.1010975393E-01  0.3469446952E-17   0.000000000    
   35.50000000      0.1062325238E-01  0.6938893904E-17  0.1387778781E-16
   36.00000000      0.1113913126E-01   0.000000000       0.000000000    
   36.50000000      0.1165536367E-01  0.1387778781E-16  0.6938893904E-17
   37.00000000      0.1217042192E-01  0.6938893904E-17  0.6938893904E-17
   37.50000000      0.1268459759E-01   0.000000000       0.000000000    
   38.00000000      0.1319865620E-01  0.6938893904E-17  0.1387778781E-16
   38.50000000      0.1371220771E-01   0.000000000       0.000000000    
   39.00000000      0.1422432140E-01   0.000000000       0.000000000    
   39.50000000      0.1473499842E-01   0.000000000       0.000000000    
   40.00000000      0.1524493772E-01  0.6938893904E-17  0.6938893904E-17
   40.50000000      0.1575411649E-01  0.3469446952E-17   0.000000000    
   41.00000000      0.1626143047E-01  0.6938893904E-17  0.1387778781E-16
   41.50000000      0.1676569114E-01  0.3469446952E-17   0.000000000    
   42.00000000      0.1726635148E-01   0.000000000       0.000000000    
   42.50000000      0.1776355785E-01  0.6938893904E-17  0.1387778781E-16
   43.00000000      0.1825836730E-01   0.000000000       0.000000000    
   43.50000000      0.1875263901E-01   0.000000000       0.000000000    
   44.00000000      0.1924736726E-01  0.1040834086E-16  0.6938893904E-17
   44.50000000      0.1974099580E-01   0.000000000       0.000000000    
   45.00000000      0.2023085299E-01   0.000000000       0.000000000    
   45.50000000      0.2071645267E-01 -0.3469446952E-17  0.6938893904E-17
   46.00000000      0.2120002711E-01   0.000000000       0.000000000    
   46.50000000      0.2168326516E-01  0.6938893904E-17  0.1387778781E-16
   47.00000000      0.2216523797E-01  0.1040834086E-16  0.6938893904E-17
   47.50000000      0.2264450127E-01  0.1040834086E-16  0.6938893904E-17
   48.00000000      0.2312164076E-01   0.000000000       0.000000000    
   48.50000000      0.2359828977E-01  0.1387778781E-16  0.6938893904E-17
   49.00000000      0.2407489833E-01  0.6938893904E-17  0.6938893904E-17
   49.50000000      0.2455108643E-01  0.1387778781E-16  0.6938893904E-17
   50.00000000      0.2502746481E-01  0.1387778781E-16  0.6938893904E-17
   50.50000000      0.2550526101E-01  0.6938893904E-17  0.1387778781E-16
   51.00000000      0.2598465494E-01 -0.3469446952E-17  0.6938893904E-17
   51.50000000      0.2646501418E-01   0.000000000       0.000000000    
   52.00000000      0.2694669373E-01  0.3469446952E-17   0.000000000    
   52.50000000      0.2743119843E-01   0.000000000       0.000000000    
   53.00000000      0.2791957864E-01  0.6938893904E-17  0.6938893904E-17
   53.50000000      0.2841182255E-01  0.6938893904E-17  0.6938893904E-17
   54.00000000      0.2890775507E-01  0.6938893904E-17  0.6938893904E-17
   54.50000000      0.2940780521E-01  0.6938893904E-17  0.1387778781E-16
   55.00000000      0.2991260025E-01  0.6938893904E-17  0.6938893904E-17
   55.50000000      0.3042238548E-01   0.000000000       0.000000000    
   56.00000000      0.3093700475E-01  0.3469446952E-17   0.000000000    
   56.50000000      0.3145624074E-01  0.6938893904E-17  0.1387778781E-16
   57.00000000      0.3198043756E-01   0.000000000       0.000000000    
   57.50000000      0.3251098006E-01  0.6938893904E-17  0.1387778781E-16
   58.00000000      0.3304954354E-01  0.3469446952E-17   0.000000000    
   58.50000000      0.3359634034E-01  0.3469446952E-17   0.000000000    
   59.00000000      0.3414991518E-01  0.6938893904E-17  0.1387778781E-16
   59.50000000      0.3470921913E-01  0.6938893904E-17  0.1387778781E-16
   60.00000000      0.3527522746E-01  0.6938893904E-17  0.1387778781E-16
   60.50000000      0.3584983234E-01 -0.3469446952E-17  0.6938893904E-17
   61.00000000      0.3643382950E-01  0.3469446952E-17   0.000000000    
   61.50000000      0.3702684386E-01  0.1040834086E-16  0.6938893904E-17
   62.00000000      0.3762872583E-01  0.1387778781E-16  0.6938893904E-17
   62.50000000      0.3823975601E-01  0.1040834086E-16  0.6938893904E-17
   63.00000000      0.3885972196E-01  0.1387778781E-16  0.6938893904E-17
   63.50000000      0.3948779882E-01   0.000000000       0.000000000    
   64.00000000      0.4012358389E-01  0.6938893904E-17  0.1387778781E-16
   64.50000000      0.4076761906E-01   0.000000000       0.000000000    
   65.00000000      0.4142072378E-01  0.3469446952E-17  0.1387778781E-16
   65.50000000      0.4208314739E-01  0.6938893904E-17  0.1387778781E-16
   66.00000000      0.4275456862E-01  0.3469446952E-17  0.1387778781E-16
   66.50000000      0.4343461377E-01   0.000000000       0.000000000    
   67.00000000      0.4412311350E-01  0.1040834086E-16  0.6938893904E-17
   67.50000000      0.4482005035E-01   0.000000000       0.000000000    
   68.00000000      0.4552537867E-01  0.6938893904E-17  0.6938893904E-17
   68.50000000      0.4623896971E-01   0.000000000       0.000000000    
   69.00000000      0.4696070325E-01   0.000000000       0.000000000    
   69.50000000      0.4769074276E-01 -0.6938893904E-17  0.6938893904E-17
   70.00000000      0.4842960220E-01 -0.6938893904E-17  0.6938893904E-17
   70.50000000      0.4917757638E-01 -0.6938893904E-17  0.6938893904E-17
   71.00000000      0.4993392237E-01   0.000000000       0.000000000    
   71.50000000      0.5069711087E-01   0.000000000       0.000000000    
   72.00000000      0.5146620022E-01   0.000000000       0.000000000    
   72.50000000      0.5224170029E-01   0.000000000       0.000000000    
   73.00000000      0.5302444820E-01   0.000000000       0.000000000    
   73.50000000      0.5381432140E-01   0.000000000       0.000000000    
   74.00000000      0.5461074947E-01   0.000000000       0.000000000    
   74.50000000      0.5541400924E-01   0.000000000       0.000000000    
   75.00000000      0.5622452949E-01   0.000000000       0.000000000    
   75.50000000      0.5704153438E-01   0.000000000       0.000000000    
   76.00000000      0.5786348444E-01   0.000000000       0.000000000    
   76.50000000      0.5869021473E-01   0.000000000       0.000000000    
   77.00000000      0.5952324942E-01   0.000000000       0.000000000    
   77.50000000      0.6036351827E-01   0.000000000       0.000000000    
   78.00000000      0.6121007707E-01 -0.6938893904E-17  0.6938893904E-17
   78.50000000      0.6206157102E-01   0.000000000       0.000000000    
   79.00000000      0.6291802274E-01   0.000000000       0.000000000    
   79.50000000      0.6378054737E-01   0.000000000       0.000000000    
   80.00000000      0.6464969874E-01 -0.6938893904E-17  0.6938893904E-17
   80.50000000      0.6552513998E-01  0.6938893904E-17 -0.6938893904E-17
   81.00000000      0.6640626947E-01   0.000000000       0.000000000    
   81.50000000      0.6729288598E-01   0.000000000       0.000000000    
   82.00000000      0.6818518646E-01 -0.6938893904E-17  0.6938893904E-17
   82.50000000      0.6908323199E-01   0.000000000       0.000000000    
   83.00000000      0.6998657401E-01   0.000000000       0.000000000    
   83.50000000      0.7089452556E-01  0.6938893904E-17 -0.6938893904E-17
   84.00000000      0.7180733968E-01   0.000000000       0.000000000    
   84.50000000      0.7272672139E-01   0.000000000       0.000000000    
   85.00000000      0.7365429760E-01   0.000000000       0.000000000    
   85.50000000      0.7458955385E-01   0.000000000       0.000000000    
   86.00000000      0.7553011111E-01   0.000000000       0.000000000    
   86.50000000      0.7647425622E-01 -0.6938893904E-17  0.6938893904E-17
   87.00000000      0.7742258447E-01   0.000000000       0.000000000    
   87.50000000      0.7837680307E-01 -0.6938893904E-17  0.6938893904E-17
   88.00000000      0.7933740450E-01 -0.6938893904E-17  0.6938893904E-17
   88.50000000      0.8030343067E-01 -0.6938893904E-17  0.6938893904E-17
   89.00000000      0.8127413863E-01   0.000000000       0.000000000    
   89.50000000      0.8224996211E-01 -0.6938893904E-17  0.6938893904E-17
   90.00000000      0.8323168073E-01   0.000000000       0.000000000    
   90.50000000      0.8421917665E-01   0.000000000       0.000000000    
   91.00000000      0.8521145333E-01   0.000000000       0.000000000    
   91.50000000      0.8620754311E-01   0.000000000       0.000000000    
   92.00000000      0.8720712801E-01   0.000000000       0.000000000    
   92.50000000      0.8821059568E-01  0.6938893904E-17 -0.6938893904E-17
   93.00000000      0.8921869680E-01 -0.6938893904E-17  0.6938893904E-17
   93.50000000      0.9023172812E-01   0.000000000       0.000000000    
   94.00000000      0.9124882169E-01  0.6938893904E-17 -0.6938893904E-17
   94.50000000      0.9226861937E-01   0.000000000       0.000000000    
   95.00000000      0.9329089521E-01 -0.6938893904E-17  0.6938893904E-17
   95.50000000      0.9431661721E-01  0.6938893904E-17 -0.6938893904E-17
   96.00000000      0.9534647992E-01   0.000000000       0.000000000    
   96.50000000      0.9637992686E-01  0.6938893904E-17 -0.6938893904E-17
   97.00000000      0.9741634524E-01 -0.6938893904E-17  0.6938893904E-17
   97.50000000      0.9845601757E-01   0.000000000       0.000000000    
   98.00000000      0.9949948557E-01   0.000000000       0.000000000    
   98.50000000      0.1005466518      0.6938893904E-17 -0.6938893904E-17
   99.00000000      0.1015973046      0.6938893904E-17 -0.6938893904E-17
   99.50000000      0.1026518012       0.000000000       0.000000000    
   100.0000000      0.1037108102       0.000000000       0.000000000    
   100.5000000      0.1047746570     -0.6938893904E-17  0.6938893904E-17
   101.0000000      0.1058434283       0.000000000       0.000000000    
   101.5000000      0.1069172156      0.6938893904E-17 -0.6938893904E-17
   102.0000000      0.1079960680       0.000000000       0.000000000    
   102.5000000      0.1090802337       0.000000000       0.000000000    
   103.0000000      0.1101701997       0.000000000       0.000000000    
   103.5000000      0.1112664481       0.000000000       0.000000000    
   104.0000000      0.1123691158       0.000000000       0.000000000    
   104.5000000      0.1134784528       0.000000000       0.000000000    
   105.0000000      0.1145952308       0.000000000       0.000000000    
   105.5000000      0.1157202492       0.000000000       0.000000000    
   106.0000000      0.1168534694       0.000000000       0.000000000    
   106.5000000      0.1179942691       0.000000000       0.000000000    
   107.0000000      0.1191424392       0.000000000       0.000000000    
   107.5000000      0.1202983743       0.000000000       0.000000000    
   108.0000000      0.1214625838       0.000000000       0.000000000    
   108.5000000      0.1226353491       0.000000000       0.000000000    
   109.0000000      0.1238168666       0.000000000       0.000000000    
   109.5000000      0.1250073261       0.000000000       0.000000000    
   110.0000000      0.1262068488       0.000000000       0.000000000    
   110.5000000      0.1274156642       0.000000000       0.000000000    
   111.0000000      0.1286343229      0.6938893904E-17 -0.6938893904E-17
   111.5000000      0.1298635284      0.6938893904E-17 -0.6938893904E-17
   112.0000000      0.1311036612       0.000000000       0.000000000    
   112.5000000      0.1323546461     -0.6938893904E-17  0.6938893904E-17
   113.0000000      0.1336163192       0.000000000       0.000000000    
   113.5000000      0.1348889559       0.000000000       0.000000000    
   114.0000000      0.1361732373       0.000000000       0.000000000    
   114.5000000      0.1374695460      0.6938893904E-17 -0.6938893904E-17
   115.0000000      0.1387776807       0.000000000       0.000000000    
   115.5000000      0.1400973572     -0.6938893904E-17  0.6938893904E-17
   116.0000000      0.1414290253     -0.6938893904E-17  0.6938893904E-17
   116.5000000      0.1427734216     -0.6938893904E-17  0.6938893904E-17
   117.0000000      0.1441306467     -0.6938893904E-17  0.6938893904E-17
   117.5000000      0.1455001669       0.000000000       0.000000000    
   118.0000000      0.1468817903       0.000000000       0.000000000    
   118.5000000      0.1482758963       0.000000000       0.000000000    
   119.0000000      0.1496825197       0.000000000       0.000000000    
   119.5000000      0.1511010214       0.000000000       0.000000000    
   120.0000000      0.1525310191       0.000000000       0.000000000    
   120.5000000      0.1539728277      0.6938893904E-17 -0.6938893904E-17
   121.0000000      0.1554267571      0.6938893904E-17 -0.6938893904E-17
   121.5000000      0.1568923099       0.000000000       0.000000000    
   122.0000000      0.1583685047      0.6938893904E-17 -0.6938893904E-17
   122.5000000      0.1598546098      0.6938893904E-17 -0.6938893904E-17
   123.0000000      0.1613504013       0.000000000       0.000000000    
   123.5000000      0.1628559715       0.000000000       0.000000000    
   124.0000000      0.1643714113       0.000000000       0.000000000    
   124.5000000      0.1658963620      0.6938893904E-17 -0.6938893904E-17
   125.0000000      0.1674300911       0.000000000       0.000000000    
   125.5000000      0.1689722715       0.000000000       0.000000000    
   126.0000000      0.1705233436       0.000000000       0.000000000    
   126.5000000      0.1720833543       0.000000000       0.000000000    
   127.0000000      0.1736511338      0.6938893904E-17 -0.6938893904E-17
   127.5000000      0.1752253172      0.6938893904E-17 -0.6938893904E-17
   128.0000000      0.1768060917     -0.6938893904E-17  0.3469446952E-17
   128.5000000      0.1783946781       0.000000000      0.3469446952E-17
   129.0000000      0.1799911487       0.000000000     -0.3469446952E-17
   129.5000000      0.1815940602       0.000000000       0.000000000    
   130.0000000      0.1832024333       0.000000000       0.000000000    
   130.5000000      0.1848169844       0.000000000       0.000000000    
   131.0000000      0.1864385886      0.6938893904E-17 -0.6938893904E-17
   131.5000000      0.1880667735       0.000000000       0.000000000    
   132.0000000      0.1897003791       0.000000000       0.000000000    
   132.5000000      0.1913392393     -0.6938893904E-17  0.6938893904E-17
   133.0000000      0.1929842419       0.000000000     -0.3469446952E-17
   133.5000000      0.1946360392       0.000000000      0.3469446952E-17
   134.0000000      0.1962945825      0.6938893904E-17 -0.6938893904E-17
   134.5000000      0.1979596022       0.000000000     -0.3469446952E-17
   135.0000000      0.1996310488       0.000000000       0.000000000    
   135.5000000      0.2013092176       0.000000000       0.000000000    
   136.0000000      0.2029945196       0.000000000       0.000000000    
   136.5000000      0.2046872458     -0.6938893904E-17  0.6938893904E-17
   137.0000000      0.2063872789       0.000000000       0.000000000    
   137.5000000      0.2080945325      0.6938893904E-17 -0.6938893904E-17
   138.0000000      0.2098094628      0.6938893904E-17 -0.3469446952E-17
   138.5000000      0.2115331447     -0.6938893904E-17  0.3469446952E-17
   139.0000000      0.2132664298       0.000000000      0.3469446952E-17
   139.5000000      0.2150094487     -0.6938893904E-17  0.6938893904E-17
   140.0000000      0.2167620041       0.000000000      0.3469446952E-17
   140.5000000      0.2185244986      0.6938893904E-17 -0.3469446952E-17
   141.0000000      0.2202977122       0.000000000       0.000000000    
   141.5000000      0.2220818665       0.000000000      0.3469446952E-17
   142.0000000      0.2238763219       0.000000000      0.3469446952E-17
   142.5000000      0.2256807402       0.000000000       0.000000000    
   143.0000000      0.2274961028       0.000000000       0.000000000    
   143.5000000      0.2293236720       0.000000000     -0.3469446952E-17
   144.0000000      0.2311636422       0.000000000     -0.3469446952E-17
   144.5000000      0.2330154573      0.6938893904E-17 -0.3469446952E-17
   145.0000000      0.2348791336       0.000000000     -0.3469446952E-17
   145.5000000      0.2367551100     -0.6938893904E-17  0.3469446952E-17
   146.0000000      0.2386432328       0.000000000      0.3469446952E-17
   146.5000000      0.2405429133      0.6938893904E-17 -0.3469446952E-17
   147.0000000      0.2424543800     -0.6938893904E-17  0.6938893904E-17
   147.5000000      0.2443784188       0.000000000      0.3469446952E-17
   148.0000000      0.2463151397       0.000000000      0.3469446952E-17
   148.5000000      0.2482639135       0.000000000     -0.3469446952E-17
   149.0000000      0.2502246858       0.000000000     -0.3469446952E-17
   149.5000000      0.2521981205       0.000000000      0.3469446952E-17
   150.0000000      0.2541843724      0.6938893904E-17 -0.6938893904E-17
   150.5000000      0.2561826632     -0.6938893904E-17  0.3469446952E-17
   151.0000000      0.2581923037       0.000000000     -0.3469446952E-17
   151.5000000      0.2602133073      0.6938893904E-17 -0.3469446952E-17
   152.0000000      0.2622457406       0.000000000     -0.3469446952E-17
   152.5000000      0.2642893419       0.000000000      0.3469446952E-17
   153.0000000      0.2663436402       0.000000000      0.3469446952E-17
   153.5000000      0.2684079881     -0.6938893904E-17  0.3469446952E-17
   154.0000000      0.2704820478       0.000000000       0.000000000    
   154.5000000      0.2725665294       0.000000000      0.3469446952E-17
   155.0000000      0.2746627490       0.000000000     -0.3469446952E-17
   155.5000000      0.2767707109      0.6938893904E-17 -0.3469446952E-17
   156.0000000      0.2788885665       0.000000000     -0.3469446952E-17
   156.5000000      0.2810145836       0.000000000      0.3469446952E-17
   157.0000000      0.2831490778       0.000000000     -0.3469446952E-17
   157.5000000      0.2852936995       0.000000000      0.3469446952E-17
   158.0000000      0.2874495114       0.000000000     -0.3469446952E-17
   158.5000000      0.2896164018       0.000000000      0.3469446952E-17
   159.0000000      0.2917938667       0.000000000     -0.3469446952E-17
   159.5000000      0.2939819472     -0.6938893904E-17  0.3469446952E-17
   160.0000000      0.2961814341       0.000000000     -0.3469446952E-17
   160.5000000      0.2983932391      0.6938893904E-17 -0.6938893904E-17
   161.0000000      0.3006174945       0.000000000      0.3469446952E-17
   161.5000000      0.3028537787       0.000000000      0.3469446952E-17
   162.0000000      0.3051022624     -0.6938893904E-17  0.3469446952E-17
   162.5000000      0.3073643239       0.000000000     -0.3469446952E-17
   163.0000000      0.3096411918      0.6938893904E-17 -0.3469446952E-17
   163.5000000      0.3119328083       0.000000000      0.3469446952E-17
   164.0000000      0.3142385646       0.000000000     -0.3469446952E-17
   164.5000000      0.3165588416       0.000000000     -0.3469446952E-17
   165.0000000      0.3188952387       0.000000000     -0.3469446952E-17
   165.5000000      0.3212492858       0.000000000     -0.3469446952E-17
   166.0000000      0.3236213246       0.000000000     -0.3469446952E-17
   166.5000000      0.3260109669       0.000000000     -0.3469446952E-17
   167.0000000      0.3284182940       0.000000000     -0.3469446952E-17
   167.5000000      0.3308440703       0.000000000       0.000000000    
   168.0000000      0.3332888333      0.1387778781E-16  0.3469446952E-17
   168.5000000      0.3357526462      0.1387778781E-16  0.6938893904E-17
   169.0000000      0.3382360444       0.000000000      0.3469446952E-17
   169.5000000      0.3407401206       0.000000000     -0.3469446952E-17
   170.0000000      0.3432651519      0.1387778781E-16  0.6938893904E-17
   170.5000000      0.3458101623      0.1387778781E-16  0.6938893904E-17
   171.0000000      0.3483745552      0.1387778781E-16  0.5204170428E-17
   171.5000000      0.3509592346       0.000000000     -0.3469446952E-17
   172.0000000      0.3535653732      0.1387778781E-16  0.3469446952E-17
   172.5000000      0.3561931067       0.000000000      0.1734723476E-17
   173.0000000      0.3588421382       0.000000000       0.000000000    
   173.5000000      0.3615127709      0.1387778781E-16  0.6938893904E-17
   174.0000000      0.3642055043      0.1387778781E-16  0.6938893904E-17
   174.5000000      0.3669203535      0.1387778781E-16  0.1040834086E-16
   175.0000000      0.3696571143       0.000000000      0.3469446952E-17
   175.5000000      0.3724161206      0.1387778781E-16  0.3469446952E-17
   176.0000000      0.3751982586       0.000000000       0.000000000    
   176.5000000      0.3780042805      0.1387778781E-16  0.8673617380E-17
   177.0000000      0.3808341770      0.1387778781E-16  0.3469446952E-17
   177.5000000      0.3836871302       0.000000000      0.3469446952E-17
   178.0000000      0.3865626156       0.000000000       0.000000000    
   178.5000000      0.3894613399       0.000000000      0.3469446952E-17
   179.0000000      0.3923842662      0.1387778781E-16  0.3469446952E-17
   179.5000000      0.3953310179       0.000000000      0.3469446952E-17
   180.0000000      0.3983003731      0.1387778781E-16  0.5204170428E-17
   180.5000000      0.4012921445       0.000000000     -0.3469446952E-17
   181.0000000      0.4043068972       0.000000000     -0.1734723476E-17
   181.5000000      0.4073441475       0.000000000      0.1040834086E-16
   182.0000000      0.4104024151       0.000000000       0.000000000    
   182.5000000      0.4134812422      0.1387778781E-16  0.1040834086E-16
   183.0000000      0.4165814151      0.1387778781E-16  0.5204170428E-17
   183.5000000      0.4197033918       0.000000000     -0.1734723476E-17
   184.0000000      0.4228467246       0.000000000       0.000000000    
   184.5000000      0.4260107142       0.000000000     -0.1734723476E-17
   185.0000000      0.4291944763       0.000000000     -0.1734723476E-17
   185.5000000      0.4323968784      0.1387778781E-16  0.6938893904E-17
   186.0000000      0.4356172669       0.000000000      0.1040834086E-16
   186.5000000      0.4388558891       0.000000000       0.000000000    
   187.0000000      0.4421127769       0.000000000     -0.1734723476E-17
   187.5000000      0.4453866497      0.1387778781E-16  0.5204170428E-17
   188.0000000      0.4486761144      0.1387778781E-16 -0.3469446952E-17
   188.5000000      0.4519809663       0.000000000     -0.1734723476E-17
   189.0000000      0.4553018587      0.1387778781E-16  0.4336808690E-17
   189.5000000      0.4586385844      0.1387778781E-16  0.7806255642E-17
   190.0000000      0.4619899403       0.000000000     -0.2602085214E-17
   190.5000000      0.4653551285      0.1387778781E-16  0.7806255642E-17
   191.0000000      0.4687344288      0.1387778781E-16  0.7806255642E-17
   191.5000000      0.4721280909      0.1387778781E-16  0.6938893904E-17
   192.0000000      0.4755353393      0.1387778781E-16  0.9540979118E-17
   192.5000000      0.4789549893       0.000000000     -0.8673617380E-18
   193.0000000      0.4823868070      0.1387778781E-16  0.4336808690E-17
   193.5000000      0.4858316507      0.1387778781E-16  0.6071532166E-17
   194.0000000      0.4892901652       0.000000000      0.3469446952E-17
   194.5000000      0.4927618023      0.1387778781E-16  0.7806255642E-17
   195.0000000      0.4962454721       0.000000000      0.8673617380E-18
   195.5000000      0.4997408204       0.000000000       0.000000000    
   196.0000000      0.5032482451      0.1387778781E-16  0.6071532166E-17
   196.5000000      0.5067679958      0.1387778781E-16  0.9540979118E-17
   197.0000000      0.5102999032      0.1387778781E-16  0.9540979118E-17
   197.5000000      0.5138443333      0.1387778781E-16  0.7806255642E-17
   198.0000000      0.5174020523      0.1387778781E-16  0.6071532166E-17
   198.5000000      0.5209732662      0.1387778781E-16  0.8673617380E-17
   199.0000000      0.5245574253       0.000000000     -0.2602085214E-17
   199.5000000      0.5281546206      0.1387778781E-16  0.3469446952E-17
   200.0000000      0.5317657571      0.1387778781E-16  0.1127570259E-16
   200.5000000      0.5353912652      0.1387778781E-16  0.6938893904E-17
   201.0000000      0.5390308086       0.000000000      0.1734723476E-17
   201.5000000      0.5426845477      0.1387778781E-16  0.1040834086E-16
   202.0000000      0.5463535568       0.000000000      0.2168404345E-17
   202.5000000      0.5500383769      0.1387778781E-16  0.8239936511E-17
   203.0000000      0.5537384980       0.000000000      0.4336808690E-18
   203.5000000      0.5574538095      0.1387778781E-16  0.6505213035E-17
   204.0000000      0.5611852142       0.000000000      0.2602085214E-17
   204.5000000      0.5649333173      0.1387778781E-16  0.3035766083E-17
   205.0000000      0.5686976564      0.1387778781E-16  0.8239936511E-17
   205.5000000      0.5724778672       0.000000000     -0.1301042607E-17
   206.0000000      0.5762746737      0.1387778781E-16  0.1084202172E-16
   206.5000000      0.5800890727      0.1387778781E-16  0.7806255642E-17
   207.0000000      0.5839214406      0.1387778781E-16  0.8673617380E-17
   207.5000000      0.5877716420      0.1387778781E-16  0.6505213035E-17
   208.0000000      0.5916397217      0.1387778781E-16  0.6938893904E-17
   208.5000000      0.5955262011      0.1387778781E-16  0.6071532166E-17
   209.0000000      0.5994319270      0.1387778781E-16  0.1734723476E-17
   209.5000000      0.6033577127      0.1387778781E-16  0.1019150042E-16
   210.0000000      0.6073040426      0.1387778781E-16  0.1951563910E-17
   210.5000000      0.6112710270       0.000000000     -0.4336808690E-18
   211.0000000      0.6152587021      0.1387778781E-16  0.2818925648E-17
   211.5000000      0.6192676556      0.1387778781E-16  0.5637851297E-17
   212.0000000      0.6232992042      0.1387778781E-16  0.9540979118E-17
   212.5000000      0.6273544969      0.1387778781E-16  0.9974659987E-17
   213.0000000      0.6314337643      0.1387778781E-16  0.1149254303E-16
   213.5000000      0.6355369901      0.1387778781E-16  0.6288372600E-17
   214.0000000      0.6396650384      0.1387778781E-16  0.7264154556E-17
   214.5000000      0.6438187510       0.000000000      0.7589415207E-18
   215.0000000      0.6479981865      0.1387778781E-16  0.6830473687E-17
   215.5000000      0.6522035576      0.1387778781E-16  0.4336808690E-17
   216.0000000      0.6564356750      0.1387778781E-16  0.1051676107E-16
   216.5000000      0.6606945623      0.1387778781E-16  0.3523657061E-17
   217.0000000      0.6649797767      0.1387778781E-16  0.9703609444E-17
   217.5000000      0.6692920830       0.000000000     -0.1111307227E-17
   218.0000000      0.6736324510       0.000000000     -0.5421010862E-19
   218.5000000      0.6779998443      0.1387778781E-16  0.7897735200E-17
   219.0000000      0.6823926316      0.1387778781E-16  0.4743384505E-17
   219.5000000      0.6868112135      0.1387778781E-16  0.3903127821E-17
   220.0000000      0.6912565552      0.1387778781E-16  0.1116728238E-16
   220.5000000      0.6957273247      0.1387778781E-16  0.2385244779E-17
   221.0000000      0.7002211955      0.1387778781E-16  0.8998878032E-17
   221.5000000      0.7047376387      0.1387778781E-16  0.1116728238E-16
   222.0000000      0.7092765551       0.000000000      0.7589415207E-18
   222.5000000      0.7138365558      0.1387778781E-16  0.7697835425E-17
   223.0000000      0.7184164357      0.1387778781E-16  0.2493664997E-17
   223.5000000      0.7230156530      0.1387778781E-16  0.5637851297E-17
   224.0000000      0.7276322269      0.1387778781E-16  0.4119968255E-17
   224.5000000      0.7322630264      0.1387778781E-16  0.2168404345E-17
   225.0000000      0.7369072350      0.1387778781E-16  0.6938893904E-17
   225.5000000      0.7415656133      0.1387778781E-16  0.3035766083E-17
   226.0000000      0.7462362662      0.1387778781E-16  0.9107298249E-17
   226.5000000      0.7509155655      0.1387778781E-16  0.8239936511E-17
   227.0000000      0.7556028309      0.1387778781E-16  0.1279358564E-16
   227.5000000      0.7602993094      0.1387778781E-16  0.1734723476E-17
   228.0000000      0.7650035308      0.1387778781E-16  0.8890457814E-17
   228.5000000      0.7697117994      0.1387778781E-16 -0.4336808690E-18
   229.0000000      0.7744224097      0.1387778781E-16  0.1192622390E-16
   229.5000000      0.7791358369      0.1387778781E-16  0.6722053469E-17
   230.0000000      0.7838522354      0.1387778781E-16  0.1322726650E-16
   230.5000000      0.7885707869      0.1387778781E-16  0.6505213035E-17
   231.0000000      0.7932903928      0.1387778781E-16  0.1301042607E-17
   231.5000000      0.7980098821      0.1387778781E-16  0.8456776945E-17
   232.0000000      0.8027283243      0.1387778781E-16  0.8890457814E-17
   232.5000000      0.8074454849      0.1387778781E-16  0.9324138683E-17
   233.0000000      0.8121615103      0.1387778781E-16  0.5421010862E-17
   233.5000000      0.8168766312      0.1387778781E-16  0.1170938346E-16
   234.0000000      0.8215909719      0.1387778781E-16  0.3903127821E-17
   234.5000000      0.8263043012      0.1387778781E-16  0.5204170428E-17
   235.0000000      0.8310157544      0.1387778781E-16  0.1344410694E-16
   235.5000000      0.8357248475      0.1387778781E-16  0.8673617380E-17
   236.0000000      0.8404328251      0.1387778781E-16  0.7806255642E-17
   236.5000000      0.8451416857      0.1387778781E-16  0.2255140519E-16
   237.0000000      0.8498519572      0.1387778781E-16  0.1734723476E-16
   237.5000000      0.8545629939      0.1387778781E-16  0.8673617380E-17
   238.0000000      0.8592750100      0.1387778781E-16  0.6071532166E-17
   238.5000000      0.8639888295      0.1387778781E-16  0.6505213035E-17
   239.0000000      0.8687047025       0.000000000       0.000000000    
   239.5000000      0.8734229644      0.1387778781E-16  0.6938893904E-17
   240.0000000      0.8781444294      0.1387778781E-16  0.8673617380E-17
   240.5000000      0.8828697158      0.1387778781E-16  0.1647987302E-16
   241.0000000      0.8875991980      0.1387778781E-16  0.3903127821E-17
   241.5000000      0.8923333114      0.1387778781E-16  0.1604619215E-16
   242.0000000      0.8970723456      0.1387778781E-16  0.1821459650E-16
   242.5000000      0.9018171371      0.1387778781E-16  0.2125036258E-16
   243.0000000      0.9065688497      0.1387778781E-16  0.2602085214E-16
   243.5000000      0.9113274614      0.1387778781E-16  0.1734723476E-16
   244.0000000      0.9160926004      0.2775557562E-16  0.2732189475E-16
   244.5000000      0.9208657803      0.1387778781E-16  0.2558717127E-16
   245.0000000      0.9256494053      0.1387778781E-16  0.1517883041E-16
   245.5000000      0.9304439124      0.1387778781E-16  0.1908195824E-16
   246.0000000      0.9352485497      0.2775557562E-16  0.2818925648E-16
   246.5000000      0.9400642363      0.1387778781E-16  0.2688821388E-16
   247.0000000      0.9448933908      0.1387778781E-16  0.2125036258E-16
   247.5000000      0.9497370550      0.1387778781E-16  0.1951563910E-16
   248.0000000      0.9545948090      0.1387778781E-16  0.1561251128E-16
   248.5000000      0.9594676447      0.1387778781E-16  0.2341876693E-16
   249.0000000      0.9643578224      0.1387778781E-16  0.1864827737E-16
   249.5000000      0.9692657959      0.1387778781E-16  0.2168404345E-16
   250.0000000      0.9741908752      0.2775557562E-16  0.2667137344E-16
   250.5000000      0.9791336499      0.1387778781E-16  0.2298508606E-16
   251.0000000      0.9840939633      0.2775557562E-16  0.2732189475E-16
   251.5000000      0.9890697607      0.1387778781E-16  0.1647987302E-16
   252.0000000      0.9940609774      0.2775557562E-16  0.2753873518E-16
   252.5000000      0.9990698852      0.2775557562E-16  0.2818925648E-16
   253.0000000       1.004095930      0.2775557562E-16  0.2862293735E-16
   253.5000000       1.009135346      0.2775557562E-16  0.2862293735E-16
   254.0000000       1.014185922      0.1387778781E-16  0.2081668171E-16
   254.5000000       1.019247475      0.1387778781E-16  0.2276824562E-16
   255.0000000       1.024318482      0.1387778781E-16  0.1734723476E-16
   255.5000000       1.029396031      0.1387778781E-16  0.1843143693E-16
   256.0000000       1.034477987      0.1387778781E-16  0.2081668171E-16
   256.5000000       1.039562416      0.1387778781E-16  0.2580401171E-16
   257.0000000       1.044646325      0.1387778781E-16  0.2558717127E-16
   257.5000000       1.049726670      0.1387778781E-16  0.1821459650E-16
   258.0000000       1.054801145      0.2775557562E-16  0.2808083627E-16
   258.5000000       1.059867109      0.1387778781E-16  0.1626303259E-16
   259.0000000       1.064921047      0.1387778781E-16  0.2569559149E-16
   259.5000000       1.069959795      0.1387778781E-16  0.1658829324E-16
   260.0000000       1.074981107      0.2775557562E-16  0.2699663409E-16
   260.5000000       1.079982805      0.2775557562E-16  0.2667137344E-16
   261.0000000       1.084961610      0.1387778781E-16  0.2309350627E-16
   261.5000000       1.089914055      0.1387778781E-16  0.1810617628E-16
   262.0000000       1.094838664      0.2775557562E-16  0.2970713953E-16
   262.5000000       1.099735099      0.1387778781E-16  0.1761828530E-16
   263.0000000       1.104601062      0.1387778781E-16  0.1784867826E-16
   263.5000000       1.109432863      0.2775557562E-16  0.2923957734E-16
   264.0000000       1.114229283      0.1387778781E-16  0.2512638535E-16
   264.5000000       1.118991124      0.1387778781E-16  0.2146720302E-16
   265.0000000       1.123717958      0.2775557562E-16  0.2683400377E-16
   265.5000000       1.128408923      0.1387778781E-16  0.1718460443E-16
   266.0000000       1.133064861      0.2775557562E-16  0.2786399583E-16
   266.5000000       1.137687170      0.1387778781E-16  0.2287666584E-16
   267.0000000       1.142276461      0.1387778781E-16  0.2482822975E-16
   267.5000000       1.146833260      0.1387778781E-16  0.1788933585E-16
   268.0000000       1.151358969      0.2775557562E-16  0.2797241605E-16
   268.5000000       1.155856434      0.1387778781E-16  0.1843143693E-16
   269.0000000       1.160328865      0.1387778781E-16  0.1713039433E-16
   269.5000000       1.164778180      0.1387778781E-16  0.2125036258E-16
   270.0000000       1.169205665      0.2775557562E-16  0.2537033084E-16
   270.5000000       1.173613734      0.1387778781E-16  0.1691355389E-16
   271.0000000       1.178005926      0.2775557562E-16  0.2797241605E-16
   271.5000000       1.182385508      0.2775557562E-16  0.2623769257E-16
   272.0000000       1.186754409      0.2775557562E-16  0.2732189475E-16
   272.5000000       1.191114016      0.1387778781E-16  0.2081668171E-16
   273.0000000       1.195466625      0.1387778781E-16  0.1908195824E-16
   273.5000000       1.199814789      0.1387778781E-16  0.1864827737E-16
   274.0000000       1.204160484      0.1387778781E-16  0.1908195824E-16
   274.5000000       1.208505789      0.1387778781E-16  0.2385244779E-16
   275.0000000       1.212853358      0.2775557562E-16  0.2992397996E-16
   275.5000000       1.217205712      0.1387778781E-16  0.1778091563E-16
   276.0000000       1.221564603      0.2775557562E-16  0.2992397996E-16
   276.5000000       1.225930625      0.2775557562E-16  0.2818925648E-16
   277.0000000       1.230304753      0.2775557562E-16  0.3079134170E-16
   277.5000000       1.234689790      0.2775557562E-16  0.2645453301E-16
   278.0000000       1.239087448      0.2775557562E-16  0.2905661822E-16
   278.5000000       1.243497382      0.5551115123E-16  0.3989863995E-16
   279.0000000       1.247920722      0.4857225733E-16  0.4597017211E-16
   279.5000000       1.252359969      0.5551115123E-16  0.3903127821E-16
   280.0000000       1.256815375      0.4857225733E-16  0.4857225733E-16
   280.5000000       1.261286087      0.4163336342E-16  0.4943961907E-16
   281.0000000       1.265773007      0.4857225733E-16  0.4683753385E-16
   281.5000000       1.270277289      0.4857225733E-16  0.4857225733E-16
   282.0000000       1.274798304      0.4163336342E-16  0.3816391647E-16
   282.5000000       1.279334835      0.4857225733E-16  0.4510281038E-16
   283.0000000       1.283886913      0.4857225733E-16  0.4336808690E-16
   283.5000000       1.288454978      0.4857225733E-16  0.4683753385E-16
   284.0000000       1.293037829      0.4163336342E-16  0.5030698080E-16
   284.5000000       1.297632930      0.5551115123E-16  0.5551115123E-16
   285.0000000       1.302238614      0.5551115123E-16  0.5377642776E-16
   285.5000000       1.306853804      0.5551115123E-16  0.5551115123E-16
   286.0000000       1.311475502      0.4857225733E-16  0.4423544864E-16
   286.5000000       1.316099461      0.4857225733E-16  0.4683753385E-16
   287.0000000       1.320722998      0.4857225733E-16  0.4683753385E-16
   287.5000000       1.325343800      0.4163336342E-16  0.5204170428E-16
   288.0000000       1.329957684      0.4163336342E-16  0.5117434254E-16
   288.5000000       1.334559989      0.5551115123E-16  0.5204170428E-16
   289.0000000       1.339146112      0.4857225733E-16  0.4510281038E-16
   289.5000000       1.343711472      0.4857225733E-16  0.4683753385E-16
   290.0000000       1.348252613      0.4857225733E-16  0.4163336342E-16
   290.5000000       1.352765978      0.4857225733E-16  0.4683753385E-16
   291.0000000       1.357246711      0.4163336342E-16  0.3816391647E-16
   291.5000000       1.361690700      0.5551115123E-16  0.5551115123E-16
   292.0000000       1.366094478      0.4857225733E-16  0.4857225733E-16
   292.5000000       1.370453735      0.4857225733E-16  0.5204170428E-16
   293.0000000       1.374764554      0.4857225733E-16  0.4163336342E-16
   293.5000000       1.379023920      0.4857225733E-16  0.4510281038E-16
   294.0000000       1.383229412      0.4857225733E-16  0.4510281038E-16
   294.5000000       1.387379297      0.4857225733E-16  0.4336808690E-16
   295.0000000       1.391471584      0.5551115123E-16  0.5551115123E-16
   295.5000000       1.395504101      0.4857225733E-16  0.4857225733E-16
   296.0000000       1.399476826      0.4857225733E-16  0.4683753385E-16
   296.5000000       1.403391556      0.4857225733E-16  0.5204170428E-16
   297.0000000       1.407249570      0.5551115123E-16  0.5551115123E-16
   297.5000000       1.411050984      0.4857225733E-16  0.4163336342E-16
   298.0000000       1.414797183      0.4857225733E-16  0.5377642776E-16
   298.5000000       1.418491933      0.4857225733E-16  0.4857225733E-16
   299.0000000       1.422138306      0.4857225733E-16  0.4510281038E-16
   299.5000000       1.425737652      0.4857225733E-16  0.4336808690E-16
   300.0000000       1.429292420      0.4857225733E-16  0.5204170428E-16
   300.5000000       1.432805943      0.4857225733E-16  0.4510281038E-16
   301.0000000       1.436281005      0.4857225733E-16  0.5204170428E-16
   301.5000000       1.439721196      0.4857225733E-16  0.4163336342E-16
   302.0000000       1.443131165      0.4857225733E-16  0.4163336342E-16
   302.5000000       1.446514121      0.4857225733E-16  0.5204170428E-16
   303.0000000       1.449871515      0.4857225733E-16  0.4857225733E-16
   303.5000000       1.453205749      0.4857225733E-16  0.4163336342E-16
   304.0000000       1.456520689      0.4857225733E-16  0.4510281038E-16
   304.5000000       1.459818647      0.4857225733E-16  0.4163336342E-16
   305.0000000       1.463100845      0.4857225733E-16  0.4510281038E-16
   305.5000000       1.466369423      0.5551115123E-16  0.5551115123E-16
   306.0000000       1.469625544      0.5551115123E-16  0.5551115123E-16
   306.5000000       1.472869438      0.5551115123E-16  0.5551115123E-16
   307.0000000       1.476103074      0.5551115123E-16  0.5551115123E-16
   307.5000000       1.479327642      0.5551115123E-16  0.5551115123E-16
   308.0000000       1.482542145      0.5551115123E-16  0.5551115123E-16
   308.5000000       1.485747189      0.5551115123E-16  0.5551115123E-16
   309.0000000       1.488944134      0.5551115123E-16  0.5551115123E-16
   309.5000000       1.492132596      0.4857225733E-16  0.5898059818E-16
   310.0000000       1.495312643      0.5551115123E-16  0.5551115123E-16
   310.5000000       1.498483769      0.5551115123E-16  0.5551115123E-16
   311.0000000       1.501644262      0.5551115123E-16  0.5551115123E-16
   311.5000000       1.504794140      0.5551115123E-16  0.5551115123E-16
   312.0000000       1.507932057      0.4857225733E-16  0.5898059818E-16
   312.5000000       1.511054754      0.5551115123E-16  0.5551115123E-16
   313.0000000       1.514161157      0.5551115123E-16  0.5551115123E-16
   313.5000000       1.517248596      0.4857225733E-16  0.5898059818E-16
   314.0000000       1.520313667      0.5551115123E-16  0.5551115123E-16
   314.5000000       1.523355819      0.5551115123E-16  0.5551115123E-16
   315.0000000       1.526371535      0.5551115123E-16  0.5551115123E-16
   315.5000000       1.529356824      0.5551115123E-16  0.5551115123E-16
   316.0000000       1.532311777      0.4857225733E-16  0.5898059818E-16
   316.5000000       1.535234340      0.5551115123E-16  0.5551115123E-16
   317.0000000       1.538120278      0.5551115123E-16  0.5551115123E-16
   317.5000000       1.540966443      0.4857225733E-16  0.5898059818E-16
   318.0000000       1.543770870      0.4857225733E-16  0.5898059818E-16
   318.5000000       1.546532244      0.5551115123E-16  0.5551115123E-16
   319.0000000       1.549246562      0.5551115123E-16  0.5551115123E-16
   319.5000000       1.551911207      0.5551115123E-16  0.5551115123E-16
   320.0000000       1.554527815      0.5551115123E-16  0.5551115123E-16
   320.5000000       1.557095695      0.5551115123E-16  0.5551115123E-16
   321.0000000       1.559614676      0.5551115123E-16  0.5551115123E-16
   321.5000000       1.562086242      0.5551115123E-16  0.5204170428E-16
   322.0000000       1.564508507      0.5551115123E-16  0.5551115123E-16
   322.5000000       1.566881820      0.5551115123E-16  0.5551115123E-16
   323.0000000       1.569210601      0.5551115123E-16  0.5551115123E-16
   323.5000000       1.571497018      0.5551115123E-16  0.5551115123E-16
   324.0000000       1.573741833      0.5551115123E-16  0.5551115123E-16
   324.5000000       1.575948284      0.5551115123E-16  0.5898059818E-16
   325.0000000       1.578120536      0.5551115123E-16  0.5551115123E-16
   325.5000000       1.580259362      0.5551115123E-16  0.5551115123E-16
   326.0000000       1.582365312      0.5551115123E-16  0.5551115123E-16
   326.5000000       1.584443558      0.5551115123E-16  0.5551115123E-16
   327.0000000       1.586497238      0.5551115123E-16  0.5551115123E-16
   327.5000000       1.588525484      0.5551115123E-16  0.5551115123E-16
   328.0000000       1.590529569      0.5551115123E-16  0.5551115123E-16
   328.5000000       1.592512374      0.5898059818E-16  0.5204170428E-16
   329.0000000       1.594474018      0.5551115123E-16  0.5551115123E-16
   329.5000000       1.596412243      0.5204170428E-16  0.5898059818E-16
   330.0000000       1.598326445      0.5204170428E-16  0.5898059818E-16
   330.5000000       1.600217105      0.5204170428E-16  0.5898059818E-16
   331.0000000       1.602082681      0.5551115123E-16  0.5551115123E-16
   331.5000000       1.603921456      0.5204170428E-16  0.5898059818E-16
   332.0000000       1.605732025      0.5551115123E-16  0.5551115123E-16
   332.5000000       1.607512330      0.5551115123E-16  0.5551115123E-16
   333.0000000       1.609260746      0.5898059818E-16  0.5204170428E-16
   333.5000000       1.610975302      0.5551115123E-16  0.5551115123E-16
   334.0000000       1.612653445      0.5898059818E-16  0.5204170428E-16
   334.5000000       1.614293745      0.5898059818E-16  0.5204170428E-16
   335.0000000       1.615896224      0.5551115123E-16  0.5551115123E-16
   335.5000000       1.617460048      0.5551115123E-16  0.5551115123E-16
   336.0000000       1.618984105      0.5551115123E-16  0.5551115123E-16
   336.5000000       1.620469317      0.5551115123E-16  0.5551115123E-16
   337.0000000       1.621916001      0.5551115123E-16  0.5551115123E-16
   337.5000000       1.623322319      0.5551115123E-16  0.5551115123E-16
   338.0000000       1.624687006      0.5551115123E-16  0.5551115123E-16
   338.5000000       1.626010216      0.5898059818E-16  0.5204170428E-16
   339.0000000       1.627292258      0.5551115123E-16  0.5551115123E-16
   339.5000000       1.628532243      0.5551115123E-16  0.5551115123E-16
   340.0000000       1.629729536      0.5551115123E-16  0.5551115123E-16
   340.5000000       1.630883937      0.5551115123E-16  0.5551115123E-16
   341.0000000       1.631993304      0.5551115123E-16  0.5551115123E-16
   341.5000000       1.633055442      0.5898059818E-16  0.5204170428E-16
   342.0000000       1.634069980      0.5551115123E-16  0.5551115123E-16
   342.5000000       1.635036015      0.5551115123E-16  0.5551115123E-16
   343.0000000       1.635952185      0.5551115123E-16  0.5551115123E-16
   343.5000000       1.636819559      0.5551115123E-16  0.5551115123E-16
   344.0000000       1.637638735      0.5551115123E-16  0.5551115123E-16
   344.5000000       1.638406629      0.5898059818E-16  0.5204170428E-16
   345.0000000       1.639122985      0.5898059818E-16  0.5204170428E-16
   345.5000000       1.639792688      0.5551115123E-16  0.5551115123E-16
   346.0000000       1.640418892      0.5898059818E-16  0.5204170428E-16
   346.5000000       1.641003306      0.5204170428E-16  0.5898059818E-16
   347.0000000       1.641551226      0.5551115123E-16  0.5551115123E-16
   347.5000000       1.642068150      0.5551115123E-16  0.5551115123E-16
   348.0000000       1.642556173      0.5551115123E-16  0.5551115123E-16
   348.5000000       1.643018072      0.5551115123E-16  0.5551115123E-16
   349.0000000       1.643457609      0.5551115123E-16  0.5551115123E-16
   349.5000000       1.643876797      0.5204170428E-16  0.5898059818E-16
   350.0000000       1.644277794      0.5898059818E-16  0.5204170428E-16
   350.5000000       1.644661305      0.5551115123E-16  0.5551115123E-16
   351.0000000       1.645027196      0.5898059818E-16  0.5204170428E-16
   351.5000000       1.645375976      0.5551115123E-16  0.5551115123E-16
   352.0000000       1.645705698      0.5551115123E-16  0.5551115123E-16
   352.5000000       1.646014844      0.5204170428E-16  0.5898059818E-16
   353.0000000       1.646300627      0.5551115123E-16  0.5551115123E-16
   353.5000000       1.646556957      0.5898059818E-16  0.5204170428E-16
   354.0000000       1.646780925      0.5551115123E-16  0.5551115123E-16
   354.5000000       1.646968083      0.5204170428E-16  0.5898059818E-16
   355.0000000       1.647111815      0.5551115123E-16  0.5551115123E-16
   355.5000000       1.647208321      0.5551115123E-16  0.5551115123E-16
   356.0000000       1.647251244      0.5204170428E-16  0.5898059818E-16
   356.5000000       1.647235003      0.5898059818E-16  0.5204170428E-16
   357.0000000       1.647157425      0.5551115123E-16  0.5551115123E-16
   357.5000000       1.647015124      0.5551115123E-16  0.5551115123E-16
   358.0000000       1.646804524      0.5204170428E-16  0.5898059818E-16
   358.5000000       1.646525063      0.5551115123E-16  0.5551115123E-16
   359.0000000       1.646177288      0.5898059818E-16  0.5204170428E-16
   359.5000000       1.645758703      0.5204170428E-16  0.5898059818E-16
   360.0000000       1.645269903      0.5551115123E-16  0.5551115123E-16
   360.5000000       1.644713091      0.5898059818E-16  0.5204170428E-16
   361.0000000       1.644089665      0.5551115123E-16  0.5551115123E-16
   361.5000000       1.643403247      0.5551115123E-16  0.5551115123E-16
   362.0000000       1.642656850      0.5898059818E-16  0.5204170428E-16
   362.5000000       1.641854103      0.5204170428E-16  0.5898059818E-16
   363.0000000       1.640998263      0.5898059818E-16  0.5204170428E-16
   363.5000000       1.640092331      0.5898059818E-16  0.5204170428E-16
   364.0000000       1.639140875      0.5551115123E-16  0.5551115123E-16
   364.5000000       1.638149444      0.5551115123E-16  0.5551115123E-16
   365.0000000       1.637120368      0.5898059818E-16  0.5204170428E-16
   365.5000000       1.636055072      0.5551115123E-16  0.5551115123E-16
   366.0000000       1.634958552      0.5551115123E-16  0.5551115123E-16
   366.5000000       1.633833633      0.5204170428E-16  0.5898059818E-16
   367.0000000       1.632681995      0.5898059818E-16  0.5204170428E-16
   367.5000000       1.631507767      0.5551115123E-16  0.5551115123E-16
   368.0000000       1.630312947      0.5551115123E-16  0.5551115123E-16
   368.5000000       1.629098751      0.5551115123E-16  0.5551115123E-16
   369.0000000       1.627866747      0.5551115123E-16  0.5551115123E-16
   369.5000000       1.626616663      0.5551115123E-16  0.5551115123E-16
   370.0000000       1.625350196      0.5204170428E-16  0.5898059818E-16
   370.5000000       1.624068143      0.5551115123E-16  0.5551115123E-16
   371.0000000       1.622771857      0.5898059818E-16  0.5204170428E-16
   371.5000000       1.621460776      0.5898059818E-16  0.5204170428E-16
   372.0000000       1.620131598      0.5551115123E-16  0.5551115123E-16
   372.5000000       1.618786928      0.5551115123E-16  0.5551115123E-16
   373.0000000       1.617429036      0.5551115123E-16  0.5551115123E-16
   373.5000000       1.616055355      0.5898059818E-16  0.5204170428E-16
   374.0000000       1.614663989      0.5551115123E-16  0.5551115123E-16
   374.5000000       1.613252327      0.5551115123E-16  0.5551115123E-16
   375.0000000       1.611818985      0.5204170428E-16  0.5898059818E-16
   375.5000000       1.610362058      0.5551115123E-16  0.5551115123E-16
   376.0000000       1.608876055      0.5551115123E-16  0.5551115123E-16
   376.5000000       1.607358211      0.5551115123E-16  0.5551115123E-16
   377.0000000       1.605804481      0.5898059818E-16  0.5204170428E-16
   377.5000000       1.604208500      0.5551115123E-16  0.5551115123E-16
   378.0000000       1.602564231      0.5204170428E-16  0.5898059818E-16
   378.5000000       1.600867672      0.5551115123E-16  0.5551115123E-16
   379.0000000       1.599111162      0.5551115123E-16  0.5551115123E-16
   379.5000000       1.597288094      0.5898059818E-16  0.5204170428E-16
   380.0000000       1.595393885      0.5204170428E-16  0.5898059818E-16
   380.5000000       1.593420778      0.5551115123E-16  0.5551115123E-16
   381.0000000       1.591363573      0.5204170428E-16  0.5898059818E-16
   381.5000000       1.589216343      0.5551115123E-16  0.5551115123E-16
   382.0000000       1.586972079      0.5898059818E-16  0.5204170428E-16
   382.5000000       1.584628771      0.5551115123E-16  0.5551115123E-16
   383.0000000       1.582183330      0.5204170428E-16  0.5898059818E-16
   383.5000000       1.579630327      0.5204170428E-16  0.5898059818E-16
   384.0000000       1.576972276      0.5898059818E-16  0.5204170428E-16
   384.5000000       1.574208463      0.5204170428E-16  0.5898059818E-16
   385.0000000       1.571336961      0.5551115123E-16  0.5551115123E-16
   385.5000000       1.568361818      0.5551115123E-16  0.5551115123E-16
   386.0000000       1.565284991      0.5898059818E-16  0.5204170428E-16
   386.5000000       1.562107087      0.5898059818E-16  0.5204170428E-16
   387.0000000       1.558829942      0.5551115123E-16  0.5551115123E-16
   387.5000000       1.555453203      0.5204170428E-16  0.5898059818E-16
   388.0000000       1.551975367      0.5204170428E-16  0.5898059818E-16
   388.5000000       1.548396237      0.5551115123E-16  0.5551115123E-16
   389.0000000       1.544713359      0.5898059818E-16  0.5204170428E-16
   389.5000000       1.540925012      0.5551115123E-16  0.5551115123E-16
   390.0000000       1.537029827      0.5551115123E-16  0.5551115123E-16
   390.5000000       1.533026725      0.5898059818E-16  0.5204170428E-16
   391.0000000       1.528919370      0.5551115123E-16  0.5551115123E-16
   391.5000000       1.524708041      0.5551115123E-16  0.5551115123E-16
   392.0000000       1.520395778      0.5551115123E-16  0.5551115123E-16
   392.5000000       1.515991651      0.5551115123E-16  0.5551115123E-16
   393.0000000       1.511501029      0.5898059818E-16  0.5204170428E-16
   393.5000000       1.506932546      0.5898059818E-16  0.5204170428E-16
   394.0000000       1.502296656      0.5551115123E-16  0.5551115123E-16
   394.5000000       1.497599241      0.5551115123E-16  0.5551115123E-16
   395.0000000       1.492848513      0.5898059818E-16  0.5204170428E-16
   395.5000000       1.488051518      0.5898059818E-16  0.5204170428E-16
   396.0000000       1.483214205      0.5551115123E-16  0.5724587471E-16
   396.5000000       1.478339807      0.5204170428E-16  0.5724587471E-16
   397.0000000       1.473431483      0.5898059818E-16  0.5204170428E-16
   397.5000000       1.468493100      0.4510281038E-16  0.4683753385E-16
   398.0000000       1.463526395      0.4857225733E-16  0.4683753385E-16
   398.5000000       1.458528891      0.4510281038E-16  0.4683753385E-16
   399.0000000       1.453502843      0.4857225733E-16  0.4683753385E-16
   399.5000000       1.448449960      0.4857225733E-16  0.5030698080E-16
   400.0000000       1.443370507      0.5204170428E-16  0.4857225733E-16
   400.5000000       1.438262939      0.4857225733E-16  0.4683753385E-16
   401.0000000       1.433126526      0.4857225733E-16  0.4683753385E-16
   401.5000000       1.427960142      0.4857225733E-16  0.5204170428E-16
   402.0000000       1.422761488      0.4857225733E-16  0.4683753385E-16
   402.5000000       1.417528634      0.5204170428E-16  0.5030698080E-16
   403.0000000       1.412262155      0.4857225733E-16  0.4683753385E-16
   403.5000000       1.406962398      0.4510281038E-16  0.4683753385E-16
   404.0000000       1.401630433      0.4857225733E-16  0.4683753385E-16
   404.5000000       1.396270604      0.5204170428E-16  0.5030698080E-16
   405.0000000       1.390887768      0.4857225733E-16  0.4683753385E-16
   405.5000000       1.385486110      0.4857225733E-16  0.4683753385E-16
   406.0000000       1.380065448      0.4857225733E-16  0.4683753385E-16
   406.5000000       1.374629486      0.4857225733E-16  0.4683753385E-16
   407.0000000       1.369178166      0.4857225733E-16  0.4683753385E-16
   407.5000000       1.363705232      0.4510281038E-16  0.4857225733E-16
   408.0000000       1.358202993      0.4857225733E-16  0.5030698080E-16
   408.5000000       1.352661651      0.4857225733E-16  0.4510281038E-16
   409.0000000       1.347069763      0.4163336342E-16  0.4163336342E-16
   409.5000000       1.341417552      0.4163336342E-16  0.4163336342E-16
   410.0000000       1.335691893      0.4163336342E-16  0.4163336342E-16
   410.5000000       1.329881996      0.4163336342E-16  0.4336808690E-16
   411.0000000       1.323980034      0.4163336342E-16  0.4336808690E-16
   411.5000000       1.317976522      0.4510281038E-16  0.3989863995E-16
   412.0000000       1.311865094      0.4163336342E-16  0.4163336342E-16
   412.5000000       1.305639913      0.4163336342E-16  0.4336808690E-16
   413.0000000       1.299297237      0.4510281038E-16  0.3989863995E-16
   413.5000000       1.292831557      0.3816391647E-16  0.4336808690E-16
   414.0000000       1.286240523      0.4163336342E-16  0.4163336342E-16
   414.5000000       1.279520903      0.4163336342E-16  0.4163336342E-16
   415.0000000       1.272670623      0.3816391647E-16  0.4336808690E-16
   415.5000000       1.265688586      0.4510281038E-16  0.3989863995E-16
   416.0000000       1.258573581      0.4510281038E-16  0.3989863995E-16
   416.5000000       1.251331285      0.3816391647E-16  0.4336808690E-16
   417.0000000       1.243967159      0.4163336342E-16  0.4336808690E-16
   417.5000000       1.236489074      0.4163336342E-16  0.4163336342E-16
   418.0000000       1.228906923      0.4510281038E-16  0.3989863995E-16
   418.5000000       1.221232440      0.4163336342E-16  0.4163336342E-16
   419.0000000       1.213477144      0.4163336342E-16  0.4163336342E-16
   419.5000000       1.205647168      0.4163336342E-16  0.3989863995E-16
   420.0000000       1.197748986      0.4163336342E-16  0.4163336342E-16
   420.5000000       1.189787414      0.3469446952E-16  0.3469446952E-16
   421.0000000       1.181763817      0.3469446952E-16  0.3642919300E-16
   421.5000000       1.173676448      0.3122502257E-16  0.3295974604E-16
   422.0000000       1.165520516      0.3469446952E-16  0.3295974604E-16
   422.5000000       1.157294115      0.3469446952E-16  0.3469446952E-16
   423.0000000       1.148995390      0.3122502257E-16  0.3295974604E-16
   423.5000000       1.140626738      0.3122502257E-16  0.3382710778E-16
   424.0000000       1.132187109      0.3122502257E-16  0.3295974604E-16
   424.5000000       1.123680047      0.2775557562E-16  0.2775557562E-16
   425.0000000       1.115108870      0.3122502257E-16  0.3122502257E-16
   425.5000000       1.106472941      0.3122502257E-16  0.3209238431E-16
   426.0000000       1.097772297      0.3122502257E-16  0.3295974604E-16
   426.5000000       1.089003824      0.3122502257E-16  0.3382710778E-16
   427.0000000       1.080166286      0.3122502257E-16  0.3295974604E-16
   427.5000000       1.071254293      0.3122502257E-16  0.3382710778E-16
   428.0000000       1.062256879      0.3122502257E-16  0.3209238431E-16
   428.5000000       1.053167671      0.3469446952E-16  0.3122502257E-16
   429.0000000       1.043971758      0.3122502257E-16  0.2949029909E-16
   429.5000000       1.034660441      0.3122502257E-16  0.3469446952E-16
   430.0000000       1.025221280      0.3122502257E-16  0.2949029909E-16
   430.5000000       1.015641043      0.3122502257E-16  0.3469446952E-16
   431.0000000       1.005914204      0.3122502257E-16  0.3122502257E-16
   431.5000000      0.9960292865      0.3122502257E-16  0.3209238431E-16
   432.0000000      0.9859825741      0.3122502257E-16  0.3122502257E-16
   432.5000000      0.9757736669      0.3122502257E-16  0.3382710778E-16
   433.0000000      0.9654085437      0.3122502257E-16  0.3295974604E-16
   433.5000000      0.9549000674      0.2775557562E-16  0.2775557562E-16
   434.0000000      0.9442650985      0.2775557562E-16  0.2688821388E-16
   434.5000000      0.9335249536      0.2775557562E-16  0.2688821388E-16
   435.0000000      0.9227016787      0.2775557562E-16  0.2775557562E-16
   435.5000000      0.9118198402      0.2775557562E-16  0.2688821388E-16
   436.0000000      0.9008992472      0.2602085214E-16  0.2949029909E-16
   436.5000000      0.8899555836      0.2775557562E-16  0.2688821388E-16
   437.0000000      0.8789986318      0.2775557562E-16  0.2862293735E-16
   437.5000000      0.8680337565      0.2775557562E-16  0.2775557562E-16
   438.0000000      0.8570607223      0.2775557562E-16  0.2862293735E-16
   438.5000000      0.8460778522      0.2775557562E-16  0.2775557562E-16
   439.0000000      0.8350823415      0.2949029909E-16  0.2688821388E-16
   439.5000000      0.8240674354      0.2775557562E-16  0.2775557562E-16
   440.0000000      0.8130271318      0.2602085214E-16  0.2862293735E-16
   440.5000000      0.8019529737      0.2775557562E-16  0.2775557562E-16
   441.0000000      0.7908351153      0.2775557562E-16  0.2688821388E-16
   441.5000000      0.7796636397      0.2775557562E-16  0.2775557562E-16
   442.0000000      0.7684263708      0.2775557562E-16  0.2862293735E-16
   442.5000000      0.7571108906      0.2949029909E-16  0.2602085214E-16
   443.0000000      0.7457081259      0.2949029909E-16  0.2602085214E-16
   443.5000000      0.7342126755      0.2428612866E-16  0.2602085214E-16
   444.0000000      0.7226216222      0.2428612866E-16  0.2515349040E-16
   444.5000000      0.7109337745      0.2428612866E-16  0.2341876693E-16
   445.0000000      0.6991530017      0.2428612866E-16  0.2255140519E-16
   445.5000000      0.6872827785      0.2428612866E-16  0.2515349040E-16
   446.0000000      0.6753244053      0.2428612866E-16  0.2341876693E-16
   446.5000000      0.6632773985      0.2081668171E-16  0.1994931997E-16
   447.0000000      0.6511336301      0.1908195824E-16  0.2168404345E-16
   447.5000000      0.6388853328      0.2255140519E-16  0.1994931997E-16
   448.0000000      0.6265245270      0.1908195824E-16  0.2168404345E-16
   448.5000000      0.6140420535      0.2081668171E-16  0.2168404345E-16
   449.0000000      0.6014370165      0.2081668171E-16  0.2168404345E-16
   449.5000000      0.5887062861      0.2081668171E-16  0.1994931997E-16
   450.0000000      0.5758535858      0.1561251128E-16  0.1734723476E-16
   450.5000000      0.5628870190      0.1734723476E-16  0.1734723476E-16
   451.0000000      0.5498068807      0.1734723476E-16  0.1734723476E-16
   451.5000000      0.5366155248      0.1561251128E-16  0.1647987302E-16
   452.0000000      0.5233059880      0.1387778781E-16  0.1387778781E-16
   452.5000000      0.5098726484      0.1387778781E-16  0.1387778781E-16
   453.0000000      0.4963079190      0.1561251128E-16  0.1301042607E-16
   453.5000000      0.4826022858      0.1387778781E-16  0.1387778781E-16
   454.0000000      0.4687535365      0.1387778781E-16  0.1387778781E-16
   454.5000000      0.4547634931      0.1561251128E-16  0.1301042607E-16
   455.0000000      0.4406369909      0.1387778781E-16  0.1387778781E-16
   455.5000000      0.4263887322      0.1214306433E-16  0.1474514955E-16
   456.0000000      0.4120367806      0.1387778781E-16  0.1387778781E-16
   456.5000000      0.3976027973      0.1387778781E-16  0.1387778781E-16
   457.0000000      0.3831126153      0.1387778781E-16  0.1387778781E-16
   457.5000000      0.3685924455      0.1387778781E-16  0.1387778781E-16
   458.0000000      0.3540696511      0.1387778781E-16  0.1387778781E-16
   458.5000000      0.3395664388      0.1387778781E-16  0.1387778781E-16
   459.0000000      0.3250973964      0.1387778781E-16  0.1387778781E-16
   459.5000000      0.3106688544      0.8673617380E-17  0.9540979118E-17
   460.0000000      0.2962732227      0.9540979118E-17  0.8673617380E-17
   460.5000000      0.2818838442      0.9540979118E-17  0.8673617380E-17
   461.0000000      0.2674658896      0.6071532166E-17  0.7806255642E-17
   461.5000000      0.2529795225      0.6938893904E-17  0.6938893904E-17
   462.0000000      0.2383818803      0.6938893904E-17  0.6938893904E-17
   462.5000000      0.2236374467      0.6938893904E-17  0.6938893904E-17
   463.0000000      0.2087224230      0.6938893904E-17  0.6938893904E-17
   463.5000000      0.1936324061      0.6938893904E-17  0.6938893904E-17
   464.0000000      0.1783794027      0.7806255642E-17  0.6071532166E-17
   464.5000000      0.1629883110      0.6938893904E-17  0.6938893904E-17
   465.0000000      0.1474900871      0.5204170428E-17  0.6071532166E-17
   465.5000000      0.1319180048      0.6071532166E-17  0.5204170428E-17
   466.0000000      0.1162991736      0.6071532166E-17  0.5204170428E-17
   466.5000000      0.1006525015      0.4336808690E-18  0.1734723476E-17
   467.0000000      0.8498907818E-01  0.1734723476E-17  0.8673617380E-18
   467.5000000      0.6930881135E-01  0.8673617380E-18  0.1734723476E-17
   468.0000000      0.5360126484E-01  0.8673617380E-18  0.1734723476E-17
   468.5000000      0.3785523328E-01  0.8673617380E-18  0.1734723476E-17
   469.0000000      0.2205205860E-01  0.8673617380E-18  0.1734723476E-17
   469.5000000      0.6181582994E-02  0.1301042607E-17  0.8673617380E-18
   470.0000000     -0.9775307828E-02 -0.4336808690E-18   0.000000000    
   470.5000000     -0.2582989316E-01 -0.8673617380E-18 -0.1734723476E-17
   471.0000000     -0.4199507547E-01 -0.8673617380E-18 -0.1734723476E-17
   471.5000000     -0.5828149701E-01 -0.1301042607E-17 -0.8673617380E-18
   472.0000000     -0.7469721012E-01 -0.1301042607E-17 -0.8673617380E-18
   472.5000000     -0.9124301681E-01 -0.2385244779E-17 -0.1734723476E-17
   473.0000000     -0.1079158330     -0.5421010862E-17 -0.5204170428E-17
   473.5000000     -0.1247071007     -0.5854691731E-17 -0.6071532166E-17
   474.0000000     -0.1416015496     -0.5312590645E-17 -0.5204170428E-17
   474.5000000     -0.1585754131     -0.5421010862E-17 -0.6071532166E-17
   475.0000000     -0.1756033706     -0.6342582709E-17 -0.6071532166E-17
   475.5000000     -0.1926576098     -0.6884683795E-17 -0.6938893904E-17
   476.0000000     -0.2097170946     -0.7372574773E-17 -0.6071532166E-17
   476.5000000     -0.2267741384     -0.7016820935E-17 -0.6938893904E-17
   477.0000000     -0.2438360339     -0.7521652572E-17 -0.7806255642E-17
   477.5000000     -0.2609202318     -0.7589415207E-17 -0.7806255642E-17
   478.0000000     -0.2780542673     -0.8619407271E-17 -0.8673617380E-17
   478.5000000     -0.2952705092     -0.8510987054E-17 -0.8673617380E-17
   479.0000000     -0.3125968778     -0.8998878032E-17 -0.8673617380E-17
   479.5000000     -0.3300532115     -0.1230569466E-16 -0.1214306433E-16
   480.0000000     -0.3476488065     -0.1257674520E-16 -0.1301042607E-16
   480.5000000     -0.3653841645     -0.1257674520E-16 -0.1301042607E-16
   481.0000000     -0.3832476782     -0.1355252716E-16 -0.1301042607E-16
   481.5000000     -0.4012282311     -0.1387778781E-16 -0.1387778781E-16
   482.0000000     -0.4193189273     -0.1344410694E-16 -0.1387778781E-16
   482.5000000     -0.4375112312     -0.1387778781E-16 -0.1387778781E-16
   483.0000000     -0.4558080004     -0.1474514955E-16 -0.1561251128E-16
   483.5000000     -0.4742091932     -0.1409462824E-16 -0.1474514955E-16
   484.0000000     -0.4927214523     -0.1431146868E-16 -0.1474514955E-16
   484.5000000     -0.5113484534     -0.1431146868E-16 -0.1474514955E-16
   485.0000000     -0.5300974000     -0.2081668171E-16 -0.2081668171E-16
   485.5000000     -0.5489737198     -0.1951563910E-16 -0.1994931997E-16
   486.0000000     -0.5679780168     -0.1908195824E-16 -0.1994931997E-16
   486.5000000     -0.5871032516     -0.2038300084E-16 -0.1994931997E-16
   487.0000000     -0.6063287997     -0.1951563910E-16 -0.1994931997E-16
   487.5000000     -0.6256259027     -0.2081668171E-16 -0.2081668171E-16
   488.0000000     -0.6449596246     -0.2081668171E-16 -0.2081668171E-16
   488.5000000     -0.6642929649     -0.2081668171E-16 -0.2081668171E-16
   489.0000000     -0.6835960143     -0.2255140519E-16 -0.2255140519E-16
   489.5000000     -0.7028568665     -0.2255140519E-16 -0.2255140519E-16
   490.0000000     -0.7220836658     -0.2255140519E-16 -0.2255140519E-16
   490.5000000     -0.7413012966     -0.2688821388E-16 -0.2602085214E-16
   491.0000000     -0.7605417736     -0.2688821388E-16 -0.2602085214E-16
   491.5000000     -0.7798385270     -0.2515349040E-16 -0.2602085214E-16
   492.0000000     -0.7992195883     -0.2775557562E-16 -0.2775557562E-16
   492.5000000     -0.8187067390     -0.2775557562E-16 -0.2775557562E-16
   493.0000000     -0.8383193131     -0.2775557562E-16 -0.2775557562E-16
   493.5000000     -0.8580761939     -0.2775557562E-16 -0.2775557562E-16
   494.0000000     -0.8779879343     -0.2775557562E-16 -0.2775557562E-16
   494.5000000     -0.8980529145     -0.2949029909E-16 -0.2949029909E-16
   495.0000000     -0.9182488474     -0.2949029909E-16 -0.2949029909E-16
   495.5000000     -0.9385280283     -0.2949029909E-16 -0.2949029909E-16
   496.0000000     -0.9588236807     -0.3122502257E-16 -0.3122502257E-16
   496.5000000     -0.9790641933     -0.3122502257E-16 -0.3122502257E-16
   497.0000000     -0.9991944214     -0.3469446952E-16 -0.3469446952E-16
   497.5000000      -1.019190295     -0.3469446952E-16 -0.3469446952E-16
   498.0000000      -1.039075479     -0.3469446952E-16 -0.3469446952E-16
   498.5000000      -1.058901795     -0.3469446952E-16 -0.3469446952E-16
   499.0000000      -1.078734277     -0.3469446952E-16 -0.3469446952E-16
   499.5000000      -1.098615734     -0.3469446952E-16 -0.3469446952E-16
