   0.000000000       12.36684514    
  0.1250000000E-02   12.36749934    
  0.2500000000E-02   12.36946246    
  0.3750000000E-02   12.37273605    
  0.5000000000E-02   12.37732270    
  0.6250000000E-02   12.38322602    
  0.7500000000E-02   12.39045069    
  0.8750000000E-02   12.39900245    
  0.1000000000E-01   12.40888810    
  0.1125000000E-01   12.42011553    
  0.1250000000E-01   12.43269373    
  0.1375000000E-01   12.44663283    
  0.1500000000E-01   12.46194409    
  0.1625000000E-01   12.47863995    
  0.1750000000E-01   12.49673404    
  0.1875000000E-01   12.51624122    
  0.2000000000E-01   12.53717763    
  0.2125000000E-01   12.55956070    
  0.2250000000E-01   12.58340920    
  0.2375000000E-01   12.60874328    
  0.2500000000E-01   12.63558454    
  0.2625000000E-01   12.66395607    
  0.2750000000E-01   12.69388249    
  0.2875000000E-01   12.72539002    
  0.3000000000E-01   12.75850656    
  0.3125000000E-01   12.79326177    
  0.3250000000E-01   12.82968709    
  0.3375000000E-01   12.86781590    
  0.3500000000E-01   12.90768356    
  0.3625000000E-01   12.94932750    
  0.3750000000E-01   12.99278738    
  0.3875000000E-01   13.03810515    
  0.4000000000E-01   13.08532515    
  0.4125000000E-01   13.13449434    
  0.4250000000E-01   13.18566241    
  0.4375000000E-01   13.23888181    
  0.4500000000E-01   13.29420807    
  0.4625000000E-01   13.35169992    
  0.4750000000E-01   13.41141948    
  0.4875000000E-01   13.47343246    
  0.5000000000E-01   13.53780846    
  0.5125000000E-01   13.60462116    
  0.5250000000E-01   13.67394855    
  0.5375000000E-01   13.74587332    
  0.5500000000E-01   13.82048313    
  0.5625000000E-01   13.89787095    
  0.5750000000E-01   13.97813550    
  0.5875000000E-01   14.06138161    
  0.6000000000E-01   14.14772070    
  0.6125000000E-01   14.23727133    
  0.6250000000E-01   14.33015967    
  0.6375000000E-01   14.42652022    
  0.6500000000E-01   14.52649638    
  0.6625000000E-01   14.63024127    
  0.6750000000E-01   14.73791855    
  0.6875000000E-01   14.84970332    
  0.7000000000E-01   14.96578314    
  0.7125000000E-01   15.08635919    
  0.7250000000E-01   15.21164756    
  0.7375000000E-01   15.34188062    
  0.7500000000E-01   15.47730868    
  0.7625000000E-01   15.61820177    
  0.7750000000E-01   15.76485168    
  0.7875000000E-01   15.91757427    
  0.8000000000E-01   16.07671210    
  0.8125000000E-01   16.24263739    
  0.8250000000E-01   16.41575545    
  0.8375000000E-01   16.59650862    
  0.8500000000E-01   16.78538074    
  0.8625000000E-01   16.98290241    
  0.8750000000E-01   17.18965704    
  0.8875000000E-01   17.40628790    
  0.9000000000E-01   17.63350647    
  0.9125000000E-01   17.87210217    
  0.9250000000E-01   18.12295393    
  0.9375000000E-01   18.38704401    
  0.9500000000E-01   18.66547453    
  0.9625000000E-01   18.95948742    
  0.9750000000E-01   19.27048870    
  0.9875000000E-01   19.60007813    
  0.1000000000       19.95008594    
  0.1012500000       20.32261848    
  0.1025000000       20.72011572    
  0.1037500000       21.14542423    
  0.1050000000       21.60189114    
  0.1062500000       22.09348637    
  0.1075000000       22.62496403    
  0.1087500000       23.20207888    
  0.1100000000       23.83188152    
  0.1112500000       24.52312905    
  0.1125000000       25.28686905    
  0.1137500000       26.13729139    
  0.1150000000       27.09300798    
  0.1162500000       28.17904358    
  0.1175000000       29.43006430    
  0.1187500000       30.89588496    
  0.1200000000       32.65146515    
  0.1212500000       34.81645839    
  0.1225000000       37.59646393    
  0.1237500000       41.36636060    
  0.1250000000       46.50885371    
  0.1262500000       47.12607525    
  0.1275000000       51.90044394    
  0.1287500000       64.71343229    
  0.1300000000       48.39756991    
  0.1312500000       29.95670409    
  0.1325000000       6.659136310    
  0.1337500000      -6.043839515    
  0.1350000000      -6.213665400    
  0.1362500000      -1.039989693    
  0.1375000000       8.149121243    
  0.1387500000       15.67965659    
  0.1400000000       22.67421819    
  0.1412500000       18.42767731    
  0.1425000000       14.80488993    
  0.1437500000       21.17906489    
  0.1450000000       27.33062601    
  0.1462500000       34.00612388    
  0.1475000000       39.96920790    
  0.1487500000       33.17206353    
  0.1500000000       39.47558764    
  0.1512500000       49.31749043    
  0.1525000000       50.80918038    
  0.1537500000       25.93640253    
  0.1550000000       40.83471378    
  0.1562500000       58.04680534    
  0.1575000000       75.98102204    
  0.1587500000       36.93976208    
  0.1600000000       42.58422438    
  0.1612500000       8.285070802    
  0.1625000000     -0.6134900051    
  0.1637500000      -29.00316129    
  0.1650000000      -7.399789133    
  0.1662500000       23.34912873    
  0.1675000000      -24.75448133    
  0.1687500000      -57.27174854    
  0.1700000000      -54.29580536    
  0.1712500000      -48.49579197    
  0.1725000000      -54.85420565    
  0.1737500000      -48.41016493    
  0.1750000000      -41.49317690    
  0.1762500000      -32.98199325    
  0.1775000000      -26.38213813    
  0.1787500000      -23.60689422    
  0.1800000000      -19.87321337    
  0.1812500000      -15.43277715    
  0.1825000000      -18.58863636    
  0.1837500000      -17.13763907    
  0.1850000000      -13.22476411    
  0.1862500000      -9.522296022    
  0.1875000000      -5.493068294    
  0.1887500000      -4.602902578    
  0.1900000000      -13.27444466    
  0.1912500000      -9.813769744    
  0.1925000000      -5.891675175    
  0.1937500000      -1.991989628    
  0.1950000000       1.713359085    
  0.1962500000      -1.676555233    
  0.1975000000       2.533046246    
  0.1987500000       2.088353476    
  0.2000000000      -12.69332020    
  0.2012500000      -8.306667815    
  0.2025000000      -6.444344786    
  0.2037500000      -4.529476977    
  0.2050000000      -4.235315856    
  0.2062500000       1.531488047    
  0.2075000000     -0.2735941649    
  0.2087500000      -10.66286013    
  0.2100000000      -5.305576435    
  0.2112500000      -1.274289900    
  0.2125000000      0.6071653104    
  0.2137500000      -2.568024100    
  0.2150000000      -1.490613082    
  0.2162500000      -3.452665468    
  0.2175000000      0.3607110687    
  0.2187500000      0.3270058436    
  0.2200000000       1.839749019    
  0.2212500000       2.201576514    
  0.2225000000       1.794070050    
  0.2237500000     -0.6130438390    
  0.2250000000       7.494744238    
  0.2262500000       7.542755794    
  0.2275000000      -2.297474997    
  0.2287500000      -8.231604744    
  0.2300000000      -17.69090640    
  0.2312500000      -11.03379663    
  0.2325000000      -11.89536503    
  0.2337500000      -26.30108378    
  0.2350000000      -21.11108045    
  0.2362500000      -21.09758026    
  0.2375000000      -16.17772741    
  0.2387500000      -14.31479982    
  0.2400000000      -13.32973247    
  0.2412500000      -13.67893551    
  0.2425000000      -11.40051260    
  0.2437500000      -9.736382434    
  0.2450000000      -11.91511377    
  0.2462500000      -14.71122828    
  0.2475000000      -11.95905048    
  0.2487500000      -9.283175464    
  0.2500000000      -6.705443275    
  0.2512500000      -3.971420458    
  0.2525000000      -5.870276363    
  0.2537500000      -7.559290139    
  0.2550000000      -7.084681941    
  0.2562500000      -13.26693893    
  0.2575000000      -10.88881754    
  0.2587500000      -9.160078918    
  0.2600000000      -13.55293387    
  0.2612500000      -12.82163590    
  0.2625000000      -10.85015246    
  0.2637500000      -8.653180823    
  0.2650000000      -8.130720944    
  0.2662500000      -9.939554673    
  0.2675000000      -9.142168813    
  0.2687500000      -10.78373385    
  0.2700000000      -9.796256911    
  0.2712500000      -8.386983436    
  0.2725000000      -7.065024892    
  0.2737500000      -7.065363824    
  0.2750000000      -8.611270377    
  0.2762500000      -8.039129413    
  0.2775000000      -7.022826267    
  0.2787500000      -6.036730217    
  0.2800000000      -5.709167453    
  0.2812500000      -6.877129342    
  0.2825000000      -5.921503295    
  0.2837500000      -4.797403196    
  0.2850000000      -4.743254094    
  0.2862500000      -4.615107374    
  0.2875000000      -7.442338774    
  0.2887500000      -7.041721861    
  0.2900000000      -5.859746887    
  0.2912500000      -5.075608085    
  0.2925000000      -4.704678691    
  0.2937500000      -4.765137001    
  0.2950000000      -6.341594258    
  0.2962500000      -5.423969106    
  0.2975000000      -4.607579061    
  0.2987500000      -4.558899960    
  0.3000000000      -3.613265967    
  0.3012500000      -3.909498904    
  0.3025000000      -4.438317739    
  0.3037500000      -6.037343120    
  0.3050000000      -6.407373909    
  0.3062500000      -5.550077427    
  0.3075000000      -4.867815638    
  0.3087500000      -4.408797061    
  0.3100000000      -3.994774339    
  0.3112500000      -3.645074080    
  0.3125000000      -3.002269552    
  0.3137500000      -2.430848856    
  0.3150000000      -2.367105387    
  0.3162500000      -3.971180201    
  0.3175000000      -3.215314492    
  0.3187500000      -3.440832964    
  0.3200000000      -3.858821717    
  0.3212500000      -2.934213359    
  0.3225000000      -2.814061460    
  0.3237500000      -2.790800403    
  0.3250000000      -2.978428085    
  0.3262500000      -4.745013166    
  0.3275000000      -4.069371802    
  0.3287500000      -2.954078514    
  0.3300000000      -2.687119787    
  0.3312500000      -3.238088892    
  0.3325000000      -3.343839985    
  0.3337500000      -2.991894717    
  0.3350000000      -3.277278510    
  0.3362500000      -3.953320042    
  0.3375000000      -2.716541576    
  0.3387500000      -3.060902238    
  0.3400000000      -4.920124844    
  0.3412500000      -3.850838744    
  0.3425000000      -3.390821806    
  0.3437500000      -3.317052445    
  0.3450000000      -3.039020565    
  0.3462500000      -4.025518726    
  0.3475000000      -4.740826561    
  0.3487500000      -4.571819020    
  0.3500000000      -3.769825235    
  0.3512500000      -3.405281448    
  0.3525000000      -3.495669140    
  0.3537500000      -3.361539258    
  0.3550000000      -3.649981186    
  0.3562500000      -3.492558592    
  0.3575000000      -3.263831802    
  0.3587500000      -3.349699361    
  0.3600000000      -3.193772650    
  0.3612500000      -2.907378501    
  0.3625000000      -2.522585021    
  0.3637500000      -2.538877005    
  0.3650000000      -2.689176351    
  0.3662500000      -2.392742967    
  0.3675000000      -2.552011086    
  0.3687500000      -2.303642622    
  0.3700000000      -2.338404823    
  0.3712500000      -1.755705140    
  0.3725000000      -1.101725813    
  0.3737500000      -1.362044353    
  0.3750000000      -2.610612546    
  0.3762500000      -3.112199114    
  0.3775000000      -2.841575103    
  0.3787500000      -2.801200877    
  0.3800000000      -2.664445220    
  0.3812500000      -2.747934253    
  0.3825000000      -3.732301538    
  0.3837500000      -3.641880009    
  0.3850000000      -3.008690499    
  0.3862500000      -2.493129536    
  0.3875000000      -2.774969223    
  0.3887500000      -2.997411688    
  0.3900000000      -2.755935016    
  0.3912500000      -2.948290052    
  0.3925000000      -2.574607856    
  0.3937500000      -2.625918323    
  0.3950000000      -3.141731778    
  0.3962500000      -2.927429091    
  0.3975000000      -2.779896468    
  0.3987500000      -2.522732804    
  0.4000000000      -2.283318381    
  0.4012500000      -2.601937346    
  0.4025000000      -2.595531279    
  0.4037500000      -2.415332468    
  0.4050000000      -2.351064975    
  0.4062500000      -2.215395558    
  0.4075000000      -2.085469689    
  0.4087500000      -1.962983634    
  0.4100000000      -1.845960093    
  0.4112500000      -1.741897794    
  0.4125000000      -1.776854232    
  0.4137500000      -1.632156733    
  0.4150000000      -1.518777852    
  0.4162500000      -1.678693028    
  0.4175000000      -1.531968957    
  0.4187500000      -1.425195904    
  0.4200000000      -1.247093028    
  0.4212500000      -1.074122740    
  0.4225000000      -1.313694951    
  0.4237500000      -1.223355857    
  0.4250000000     -0.8999496256    
  0.4262500000     -0.8426275669    
  0.4275000000      -1.279281901    
  0.4287500000      -1.287738844    
  0.4300000000      -1.055145521    
  0.4312500000      -1.752057594    
  0.4325000000      -2.182664815    
  0.4337500000      -1.878409477    
  0.4350000000      -1.556605096    
  0.4362500000      -1.567561409    
  0.4375000000      -1.641890222    
  0.4387500000      -1.487560974    
  0.4400000000      -1.492368008    
  0.4412500000      -1.327478075    
  0.4425000000      -1.394784657    
  0.4437500000      -1.528491893    
  0.4450000000      -1.602342597    
  0.4462500000      -1.523659274    
  0.4475000000      -1.658908739    
  0.4487500000      -2.129477644    
  0.4500000000      -1.913145774    
  0.4512500000      -1.617449726    
  0.4525000000      -1.545292219    
  0.4537500000      -1.506919160    
  0.4550000000      -1.423167764    
  0.4562500000      -1.454964904    
  0.4575000000      -1.740059062    
  0.4587500000      -1.502854685    
  0.4600000000      -1.270865613    
  0.4612500000      -1.347462930    
  0.4625000000      -1.429456286    
  0.4637500000      -1.347708366    
  0.4650000000      -1.228351451    
  0.4662500000      -1.257397494    
  0.4675000000      -1.614835652    
  0.4687500000      -1.513736092    
  0.4700000000      -1.365337638    
  0.4712500000      -1.235096376    
  0.4725000000      -1.256225521    
  0.4737500000      -1.305745701    
  0.4750000000      -1.156749143    
  0.4762500000      -1.161929672    
  0.4775000000      -1.219812162    
  0.4787500000      -1.142178359    
  0.4800000000      -1.281899395    
  0.4812500000      -1.366182414    
  0.4825000000      -1.225706925    
  0.4837500000      -1.111488775    
  0.4850000000      -1.013894762    
  0.4862500000     -0.9380535397    
  0.4875000000     -0.9618128011    
  0.4887500000     -0.9454119739    
  0.4900000000     -0.7906498831    
  0.4912500000     -0.8468581385    
  0.4925000000     -0.9885111213    
  0.4937500000     -0.9247284459    
  0.4950000000      -1.126894370    
  0.4962500000      -1.265497107    
  0.4975000000      -1.184095633    
  0.4987500000      -1.149931769    
 
   0.000000000       0.000000000    
  0.1250000000E-02  0.1046968754E-02
  0.2500000000E-02  0.2094763063E-02
  0.3750000000E-02  0.3144210257E-02
  0.5000000000E-02  0.4196141220E-02
  0.6250000000E-02  0.5251392189E-02
  0.7500000000E-02  0.6310806572E-02
  0.8750000000E-02  0.7375236801E-02
  0.1000000000E-01  0.8445546216E-02
  0.1125000000E-01  0.9522611008E-02
  0.1250000000E-01  0.1060732221E-01
  0.1375000000E-01  0.1170058775E-01
  0.1500000000E-01  0.1280333461E-01
  0.1625000000E-01  0.1391651099E-01
  0.1750000000E-01  0.1504108868E-01
  0.1875000000E-01  0.1617806547E-01
  0.2000000000E-01  0.1732846765E-01
  0.2125000000E-01  0.1849335275E-01
  0.2250000000E-01  0.1967381234E-01
  0.2375000000E-01  0.2087097498E-01
  0.2500000000E-01  0.2208600946E-01
  0.2625000000E-01  0.2332012813E-01
  0.2750000000E-01  0.2457459048E-01
  0.2875000000E-01  0.2585070701E-01
  0.3000000000E-01  0.2714984330E-01
  0.3125000000E-01  0.2847342443E-01
  0.3250000000E-01  0.2982293969E-01
  0.3375000000E-01  0.3119994767E-01
  0.3500000000E-01  0.3260608177E-01
  0.3625000000E-01  0.3404305620E-01
  0.3750000000E-01  0.3551267293E-01
  0.3875000000E-01  0.3701683142E-01
  0.4000000000E-01  0.3855753518E-01
  0.4125000000E-01  0.4013683468E-01
  0.4250000000E-01  0.4175700812E-01
  0.4375000000E-01  0.4342040305E-01
  0.4500000000E-01  0.4512950572E-01
  0.4625000000E-01  0.4688695699E-01
  0.4750000000E-01  0.4869556395E-01
  0.4875000000E-01  0.5055831300E-01
  0.5000000000E-01  0.5247833263E-01
  0.5125000000E-01  0.5445904515E-01
  0.5250000000E-01  0.5650405478E-01
  0.5375000000E-01  0.5861721226E-01
  0.5500000000E-01  0.6080264122E-01
  0.5625000000E-01  0.6306476050E-01
  0.5750000000E-01  0.6540831141E-01
  0.5875000000E-01  0.6783838833E-01
  0.6000000000E-01  0.7036047302E-01
  0.6125000000E-01  0.7298047289E-01
  0.6250000000E-01  0.7570476381E-01
  0.6375000000E-01  0.7854023823E-01
  0.6500000000E-01  0.8149435911E-01
  0.6625000000E-01  0.8457522089E-01
  0.6750000000E-01  0.8779161813E-01
  0.6875000000E-01  0.9115312342E-01
  0.7000000000E-01  0.9467017569E-01
  0.7125000000E-01  0.9835418084E-01
  0.7250000000E-01  0.1022176266    
  0.7375000000E-01  0.1062742138    
  0.7500000000E-01  0.1105390080    
  0.7625000000E-01  0.1150286127    
  0.7750000000E-01  0.1197613714    
  0.7875000000E-01  0.1247576004    
  0.8000000000E-01  0.1300398613    
  0.8125000000E-01  0.1356332791    
  0.8250000000E-01  0.1415659151    
  0.8375000000E-01  0.1478692077    
  0.8500000000E-01  0.1545784941    
  0.8625000000E-01  0.1617336314    
  0.8750000000E-01  0.1693797402    
  0.8875000000E-01  0.1775680974    
  0.9000000000E-01  0.1863572055    
  0.9125000000E-01  0.1958141449    
  0.9250000000E-01  0.2060161491    
  0.9375000000E-01  0.2170526085    
  0.9500000000E-01  0.2290275429    
  0.9625000000E-01  0.2420626968    
  0.9750000000E-01  0.2563014515    
  0.9875000000E-01  0.2719138106    
  0.1000000000      0.2891028188    
  0.1012500000      0.3081129139    
  0.1025000000      0.3292409190    
  0.1037500000      0.3528506972    
  0.1050000000      0.3793929579    
  0.1062500000      0.4094324420    
  0.1075000000      0.4436858719    
  0.1087500000      0.4830759449    
  0.1100000000      0.5288098113    
  0.1112500000      0.5824959485    
  0.1125000000      0.6463231523    
  0.1137500000      0.7233437391    
  0.1150000000      0.8179392626    
  0.1162500000      0.9366228904    
  0.1175000000       1.089503705    
  0.1187500000       1.293161712    
  0.1200000000       1.576861584    
  0.1212500000       1.997861120    
  0.1225000000       2.686808686    
  0.1237500000       4.023512112    
  0.1250000000       7.556829603    
  0.1262500000       14.94513259    
  0.1275000000       14.51478556    
  0.1287500000       29.43206578    
  0.1300000000       60.92136249    
  0.1312500000       55.42456180    
  0.1325000000       59.95712504    
  0.1337500000       35.59927600    
  0.1350000000       27.24600469    
  0.1362500000       12.02326169    
  0.1375000000       7.318081206    
  0.1387500000       6.629632726    
  0.1400000000       10.01738321    
  0.1412500000       19.43566183    
  0.1425000000       9.393647287    
  0.1437500000       5.714194596    
  0.1450000000       5.423570967    
  0.1462500000       7.291526516    
  0.1475000000       15.13256322    
  0.1487500000       17.75611935    
  0.1500000000       15.62224986    
  0.1512500000       19.44888652    
  0.1525000000       43.19482444    
  0.1537500000       34.41764080    
  0.1550000000       22.05189365    
  0.1562500000       28.97950298    
  0.1575000000       56.84956859    
  0.1587500000       90.10927950    
  0.1600000000       75.41536399    
  0.1612500000       109.9085496    
  0.1625000000       79.68779941    
  0.1637500000       75.60581790    
  0.1650000000       44.11778247    
  0.1662500000       69.63801524    
  0.1675000000       107.4778978    
  0.1687500000       75.90582801    
  0.1700000000       46.56969368    
  0.1712500000       48.95350936    
  0.1725000000       27.71276125    
  0.1737500000       20.30070768    
  0.1750000000       10.13868210    
  0.1762500000       6.609461009    
  0.1775000000       6.120972454    
  0.1787500000       7.059486976    
  0.1800000000       5.263208863    
  0.1812500000       7.279077999    
  0.1825000000       9.754968778    
  0.1837500000       4.634128772    
  0.1850000000       3.282929395    
  0.1862500000       3.380962127    
  0.1875000000       5.213642191    
  0.1887500000       12.68877793    
  0.1900000000       9.251896644    
  0.1912500000       4.270094335    
  0.1925000000       3.353613677    
  0.1937500000       4.036655475    
  0.1950000000       7.827371020    
  0.1962500000       10.83574840    
  0.1975000000       10.27808667    
  0.1987500000       22.12382599    
  0.2000000000       15.92517009    
  0.2012500000       10.03621404    
  0.2025000000       8.461299070    
  0.2037500000       10.20241248    
  0.2050000000       7.169267180    
  0.2062500000       8.683922759    
  0.2075000000       19.62286886    
  0.2087500000       11.62128384    
  0.2100000000       6.599823948    
  0.2112500000       7.757649979    
  0.2125000000       10.94261042    
  0.2137500000       11.67408280    
  0.2150000000       12.90535575    
  0.2162500000       10.08020736    
  0.2175000000       9.849939734    
  0.2187500000       11.43635734    
  0.2200000000       11.28880333    
  0.2212500000       16.15764842    
  0.2225000000       15.43257850    
  0.2237500000       13.98200384    
  0.2250000000       14.61596848    
  0.2262500000       27.39009673    
  0.2275000000       32.40939105    
  0.2287500000       30.31965395    
  0.2300000000       24.12193394    
  0.2312500000       20.27831244    
  0.2325000000       26.25507090    
  0.2337500000       20.60612252    
  0.2350000000       12.46410191    
  0.2362500000       9.000060119    
  0.2375000000       6.062219975    
  0.2387500000       8.013391292    
  0.2400000000       6.537197207    
  0.2412500000       7.037572590    
  0.2425000000       5.440950416    
  0.2437500000       6.708260592    
  0.2450000000       10.13577970    
  0.2462500000       5.617687229    
  0.2475000000       2.855473565    
  0.2487500000       2.397840879    
  0.2500000000       2.836932232    
  0.2512500000       5.417473329    
  0.2525000000       9.595591986    
  0.2537500000       8.060882326    
  0.2550000000       11.53675568    
  0.2562500000       9.011640613    
  0.2575000000       5.866694068    
  0.2587500000       8.147601889    
  0.2600000000       7.126330128    
  0.2612500000       3.925026465    
  0.2625000000       2.428645075    
  0.2637500000       2.594170337    
  0.2650000000       4.837990603    
  0.2662500000       4.427294818    
  0.2675000000       4.180792750    
  0.2687500000       3.508883249    
  0.2700000000       1.648580391    
  0.2712500000       1.259410237    
  0.2725000000       1.666272908    
  0.2737500000       3.507219957    
  0.2750000000       2.504113685    
  0.2762500000       1.404299859    
  0.2775000000       1.013424359    
  0.2787500000       1.315536947    
  0.2800000000       2.420965066    
  0.2812500000       1.920870037    
  0.2825000000       1.180322183    
  0.2837500000       1.581049325    
  0.2850000000       2.639809484    
  0.2862500000       3.894657446    
  0.2875000000       3.807366199    
  0.2887500000       1.593135526    
  0.2900000000       1.132294860    
  0.2912500000       1.509677675    
  0.2925000000       1.918230866    
  0.2937500000       3.033744717    
  0.2950000000       2.081951284    
  0.2962500000       1.136984857    
  0.2975000000       1.400543281    
  0.2987500000       1.411048980    
  0.3000000000       1.696522054    
  0.3012500000       2.947907450    
  0.3025000000       3.744476803    
  0.3037500000       3.153834490    
  0.3050000000       1.578160000    
  0.3062500000      0.7931706197    
  0.3075000000      0.6459844572    
  0.3087500000      0.5924755628    
  0.3100000000      0.6925884680    
  0.3112500000      0.6029779963    
  0.3125000000      0.7289935387    
  0.3137500000       1.374192988    
  0.3150000000       2.466808889    
  0.3162500000       2.398610267    
  0.3175000000       1.685480254    
  0.3187500000       2.714136359    
  0.3200000000       1.569825948    
  0.3212500000       1.487656427    
  0.3225000000       2.366534611    
  0.3237500000       2.267320313    
  0.3250000000       3.180232184    
  0.3262500000       2.796507784    
  0.3275000000       1.313119869    
  0.3287500000       1.305385092    
  0.3300000000       2.403647388    
  0.3312500000       2.336111840    
  0.3325000000       2.403107729    
  0.3337500000       2.023030797    
  0.3350000000       3.191611140    
  0.3362500000       1.910748767    
  0.3375000000       1.853307881    
  0.3387500000       3.892555150    
  0.3400000000       2.239795059    
  0.3412500000       1.405505607    
  0.3425000000       1.824058414    
  0.3437500000       1.844642565    
  0.3450000000       2.445415682    
  0.3462500000       2.576500223    
  0.3475000000       2.398935463    
  0.3487500000       1.076994168    
  0.3500000000      0.8199811839    
  0.3512500000       1.269977787    
  0.3525000000       1.101498195    
  0.3537500000       1.485716865    
  0.3550000000       1.207920299    
  0.3562500000      0.8773572102    
  0.3575000000       1.068270378    
  0.3587500000      0.7908754509    
  0.3600000000      0.7279071307    
  0.3612500000      0.5253657086    
  0.3625000000      0.7308304904    
  0.3637500000      0.9437027647    
  0.3650000000      0.8988082080    
  0.3662500000      0.9670334989    
  0.3675000000      0.8953232021    
  0.3687500000      0.9544683301    
  0.3700000000      0.7508188686    
  0.3712500000      0.6927418881    
  0.3725000000       1.303835799    
  0.3737500000       2.419691385    
  0.3750000000       2.672346297    
  0.3762500000       2.084123113    
  0.3775000000       1.683225727    
  0.3787500000       1.485134678    
  0.3800000000       1.822180817    
  0.3812500000       1.894721339    
  0.3825000000       2.048966030    
  0.3837500000      0.8671664840    
  0.3850000000      0.5968397109    
  0.3862500000      0.8375488807    
  0.3875000000       1.430567710    
  0.3887500000      0.9002050942    
  0.3900000000       1.062132485    
  0.3912500000      0.7518841503    
  0.3925000000      0.7740044079    
  0.3937500000       1.073346064    
  0.3950000000      0.8957325585    
  0.3962500000      0.4902152681    
  0.3975000000      0.3733440057    
  0.3987500000      0.2904219217    
  0.4000000000      0.4585485737    
  0.4012500000      0.6906905618    
  0.4025000000      0.3065764875    
  0.4037500000      0.2478680668    
  0.4050000000      0.1803062577    
  0.4062500000      0.1203735776    
  0.4075000000      0.1042793467    
  0.4087500000      0.1088879393    
  0.4100000000      0.1344436590    
  0.4112500000      0.2204338649    
  0.4125000000      0.2218846290    
  0.4137500000      0.1909837848    
  0.4150000000      0.3533656650    
  0.4162500000      0.3216227260    
  0.4175000000      0.2317839712    
  0.4187500000      0.2452139233    
  0.4200000000      0.2612872083    
  0.4212500000      0.4913193627    
  0.4225000000      0.6571984731    
  0.4237500000      0.4455267751    
  0.4250000000      0.5684765975    
  0.4262500000      0.9686252690    
  0.4275000000       1.242671922    
  0.4287500000      0.9123936175    
  0.4300000000       1.361251237    
  0.4312500000       1.663365149    
  0.4325000000       1.029364484    
  0.4337500000      0.5717631830    
  0.4350000000      0.6192892116    
  0.4362500000      0.8085905338    
  0.4375000000      0.7146504635    
  0.4387500000      0.6767220452    
  0.4400000000      0.6372162048    
  0.4412500000      0.7643943800    
  0.4425000000      0.9485514584    
  0.4437500000      0.9477133263    
  0.4450000000      0.9022519040    
  0.4462500000      0.8600536981    
  0.4475000000       1.112946169    
  0.4487500000      0.7841823130    
  0.4500000000      0.3801594224    
  0.4512500000      0.3401586728    
  0.4525000000      0.4513818623    
  0.4537500000      0.4952741452    
  0.4550000000      0.4353461462    
  0.4562500000      0.7614624652    
  0.4575000000      0.4252194523    
  0.4587500000      0.2527101729    
  0.4600000000      0.3294539158    
  0.4612500000      0.5738171406    
  0.4625000000      0.4220101977    
  0.4637500000      0.3902766817    
  0.4650000000      0.4627179941    
  0.4662500000      0.6271599860    
  0.4675000000      0.5834973897    
  0.4687500000      0.2866036702    
  0.4700000000      0.2593467531    
  0.4712500000      0.2777934736    
  0.4725000000      0.3868129950    
  0.4737500000      0.2894385931    
  0.4750000000      0.2903371027    
  0.4762500000      0.3740774842    
  0.4775000000      0.3860564226    
  0.4787500000      0.3482149415    
  0.4800000000      0.5016238710    
  0.4812500000      0.2429889045    
  0.4825000000      0.1418399772    
  0.4837500000      0.1230918577    
  0.4850000000      0.1597057065    
  0.4862500000      0.1999666068    
  0.4875000000      0.2984345165    
  0.4887500000      0.2284729944    
  0.4900000000      0.2861077391    
  0.4912500000      0.5031258456    
  0.4925000000      0.4952987639    
  0.4937500000      0.4641894338    
  0.4950000000      0.6536566822    
  0.4962500000      0.3630893292    
  0.4975000000      0.2798453234    
  0.4987500000      0.1611935910    
