   0.000000000      -12.09421458    
  0.1250000000E-02  -13.38340278    
  0.2500000000E-02  -7.743034203    
  0.3750000000E-02   2.220302095    
  0.5000000000E-02   11.88029297    
  0.6250000000E-02   17.98126740    
  0.7500000000E-02   19.73332308    
  0.8750000000E-02   18.42171363    
  0.1000000000E-01   16.15859519    
  0.1125000000E-01   14.57737891    
  0.1250000000E-01   14.16326915    
  0.1375000000E-01   14.42830617    
  0.1500000000E-01   14.60411873    
  0.1625000000E-01   14.28579075    
  0.1750000000E-01   13.62403233    
  0.1875000000E-01   13.05600496    
  0.2000000000E-01   12.88472341    
  0.2125000000E-01   13.05647448    
  0.2250000000E-01   13.26652229    
  0.2375000000E-01   13.24852750    
  0.2500000000E-01   12.98553261    
  0.2625000000E-01   12.68454954    
  0.2750000000E-01   12.56970181    
  0.2875000000E-01   12.68849086    
  0.3000000000E-01   12.89034405    
  0.3125000000E-01   12.97553590    
  0.3250000000E-01   12.87087622    
  0.3375000000E-01   12.68061144    
  0.3500000000E-01   12.58051327    
  0.3625000000E-01   12.65902230    
  0.3750000000E-01   12.84611489    
  0.3875000000E-01   12.98486973    
  0.4000000000E-01   12.97411427    
  0.4125000000E-01   12.85377659    
  0.4250000000E-01   12.76192029    
  0.4375000000E-01   12.80793285    
  0.4500000000E-01   12.97711953    
  0.4625000000E-01   13.14896543    
  0.4750000000E-01   13.20808232    
  0.4875000000E-01   13.14635545    
  0.5000000000E-01   13.06644510    
  0.5125000000E-01   13.08693313    
  0.5250000000E-01   13.23622913    
  0.5375000000E-01   13.42964264    
  0.5500000000E-01   13.54773496    
  0.5625000000E-01   13.54379106    
  0.5750000000E-01   13.48411322    
  0.5875000000E-01   13.48664282    
  0.6000000000E-01   13.61456385    
  0.6125000000E-01   13.82060600    
  0.6250000000E-01   13.99099724    
  0.6375000000E-01   14.04839184    
  0.6500000000E-01   14.02099075    
  0.6625000000E-01   14.01637293    
  0.6750000000E-01   14.12437643    
  0.6875000000E-01   14.33660413    
  0.7000000000E-01   14.55457439    
  0.7125000000E-01   14.67871800    
  0.7250000000E-01   14.69806945    
  0.7375000000E-01   14.70020712    
  0.7500000000E-01   14.79268452    
  0.7625000000E-01   15.00651817    
  0.7750000000E-01   15.26832292    
  0.7875000000E-01   15.46619121    
  0.8000000000E-01   15.55043802    
  0.8125000000E-01   15.57895167    
  0.8250000000E-01   15.66621418    
  0.8375000000E-01   15.88116274    
  0.8500000000E-01   16.18512534    
  0.8625000000E-01   16.46578515    
  0.8750000000E-01   16.63762869    
  0.8875000000E-01   16.71962080    
  0.9000000000E-01   16.82033415    
  0.9125000000E-01   17.04265340    
  0.9250000000E-01   17.39208457    
  0.9375000000E-01   17.77059575    
  0.9500000000E-01   18.06293499    
  0.9625000000E-01   18.24023416    
  0.9750000000E-01   18.38907133    
  0.9875000000E-01   18.63856703    
  0.1000000000       19.04781846    
  0.1012500000       19.55240182    
  0.1025000000       20.01894782    
  0.1037500000       20.36298127    
  0.1050000000       20.62841150    
  0.1062500000       20.95745910    
  0.1075000000       21.47299305    
  0.1087500000       22.17231989    
  0.1100000000       22.92577680    
  0.1112500000       23.58744177    
  0.1125000000       24.12929449    
  0.1137500000       24.68483219    
  0.1150000000       25.45766170    
  0.1162500000       26.56183522    
  0.1175000000       27.92444660    
  0.1187500000       29.34197971    
  0.1200000000       30.66295936    
  0.1212500000       31.95686771    
  0.1225000000       33.51111861    
  0.1237500000       35.60038845    
  0.1250000000       38.13834581    
  0.1262500000       40.44291554    
  0.1275000000       41.33108830    
  0.1287500000       39.59292113    
  0.1300000000       34.65703267    
  0.1312500000       27.09099182    
  0.1325000000       18.60123264    
  0.1337500000       11.43272601    
  0.1350000000       7.410342174    
  0.1362500000       7.113662628    
  0.1375000000       9.659361590    
  0.1387500000       13.24942220    
  0.1400000000       16.19233184    
  0.1412500000       17.79718806    
  0.1425000000       18.59737957    
  0.1437500000       19.77818401    
  0.1450000000       22.20671777    
  0.1462500000       25.73833521    
  0.1475000000       29.29069215    
  0.1487500000       31.63734110    
  0.1500000000       32.34499503    
  0.1512500000       32.14759713    
  0.1525000000       32.43445635    
  0.1537500000       34.17402216    
  0.1550000000       37.03697724    
  0.1562500000       39.38478717    
  0.1575000000       39.19808755    
  0.1587500000       35.34564500    
  0.1600000000       28.32725806    
  0.1612500000       19.96865342    
  0.1625000000       12.26803620    
  0.1637500000       6.181069221    
  0.1650000000       1.166396577    
  0.1662500000      -4.223209148    
  0.1675000000      -11.14135452    
  0.1687500000      -19.47621803    
  0.1700000000      -27.75383036    
  0.1712500000      -33.94678283    
  0.1725000000      -36.62096058    
  0.1737500000      -35.67807052    
  0.1750000000      -32.28002259    
  0.1762500000      -28.10161227    
  0.1775000000      -24.45147733    
  0.1787500000      -21.79167551    
  0.1800000000      -19.84216956    
  0.1812500000      -18.06087083    
  0.1825000000      -16.11093408    
  0.1837500000      -14.03587699    
  0.1850000000      -12.12223842    
  0.1862500000      -10.63141562    
  0.1875000000      -9.610153116    
  0.1887500000      -8.876213191    
  0.1900000000      -8.141243649    
  0.1912500000      -7.170661140    
  0.1925000000      -5.898679255    
  0.1937500000      -4.463599269    
  0.1950000000      -3.159449101    
  0.1962500000      -2.315152964    
  0.1975000000      -2.135965224    
  0.1987500000      -2.576765616    
  0.2000000000      -3.329145167    
  0.2012500000      -3.957997717    
  0.2025000000      -4.128975895    
  0.2037500000      -3.790860178    
  0.2050000000      -3.187403905    
  0.2062500000      -2.681412474    
  0.2075000000      -2.507558779    
  0.2087500000      -2.626385297    
  0.2100000000      -2.780175714    
  0.2112500000      -2.701768794    
  0.2125000000      -2.314487715    
  0.2137500000      -1.773402453    
  0.2150000000      -1.324952682    
  0.2162500000      -1.102534067    
  0.2175000000      -1.019939269    
  0.2187500000     -0.8417530741    
  0.2200000000     -0.3705958073    
  0.2212500000      0.3929667395    
  0.2225000000       1.229729004    
  0.2237500000       1.818609098    
  0.2250000000       1.890738473    
  0.2262500000       1.313175020    
  0.2275000000      0.7245145078E-01
  0.2287500000      -1.783502729    
  0.2300000000      -4.164335673    
  0.2312500000      -6.893560722    
  0.2325000000      -9.657783563    
  0.2337500000      -12.03118085    
  0.2350000000      -13.60501617    
  0.2362500000      -14.16306571    
  0.2375000000      -13.79294704    
  0.2387500000      -12.85385000    
  0.2400000000      -11.81110509    
  0.2412500000      -11.03053631    
  0.2425000000      -10.64339958    
  0.2437500000      -10.54043297    
  0.2450000000      -10.47514862    
  0.2462500000      -10.20595041    
  0.2475000000      -9.607365567    
  0.2487500000      -8.715845491    
  0.2500000000      -7.711520112    
  0.2512500000      -6.854027372    
  0.2525000000      -6.392719439    
  0.2537500000      -6.474206757    
  0.2550000000      -7.077890451    
  0.2562500000      -8.011263610    
  0.2575000000      -8.977796538    
  0.2587500000      -9.694021808    
  0.2600000000      -10.00116926    
  0.2612500000      -9.915003083    
  0.2625000000      -9.590798042    
  0.2637500000      -9.228220696    
  0.2650000000      -8.971812573    
  0.2662500000      -8.858117224    
  0.2675000000      -8.827118121    
  0.2687500000      -8.778330176    
  0.2700000000      -8.633377299    
  0.2712500000      -8.373002691    
  0.2725000000      -8.036674243    
  0.2737500000      -7.692536182    
  0.2750000000      -7.396392920    
  0.2762500000      -7.160546058    
  0.2775000000      -6.948561150    
  0.2787500000      -6.700640693    
  0.2800000000      -6.377665040    
  0.2812500000      -5.997562846    
  0.2825000000      -5.637120955    
  0.2837500000      -5.391544522    
  0.2850000000      -5.313918362    
  0.2862500000      -5.375679821    
  0.2875000000      -5.479353170    
  0.2887500000      -5.518861444    
  0.2900000000      -5.446070016    
  0.2912500000      -5.294621161    
  0.2925000000      -5.142817649    
  0.2937500000      -5.044584294    
  0.2950000000      -4.983952581    
  0.2962500000      -4.891136911    
  0.2975000000      -4.708951272    
  0.2987500000      -4.455928628    
  0.3000000000      -4.232035071    
  0.3012500000      -4.156349384    
  0.3025000000      -4.279887994    
  0.3037500000      -4.538266333    
  0.3050000000      -4.780830297    
  0.3062500000      -4.857157608    
  0.3075000000      -4.701487075    
  0.3087500000      -4.360344423    
  0.3100000000      -3.952013138    
  0.3112500000      -3.593279217    
  0.3125000000      -3.344529266    
  0.3137500000      -3.201737789    
  0.3150000000      -3.125976840    
  0.3162500000      -3.078827554    
  0.3175000000      -3.038877324    
  0.3187500000      -2.998059620    
  0.3200000000      -2.953328305    
  0.3212500000      -2.906169118    
  0.3225000000      -2.867279897    
  0.3237500000      -2.854482790    
  0.3250000000      -2.878607139    
  0.3262500000      -2.927326277    
  0.3275000000      -2.964007435    
  0.3287500000      -2.948441878    
  0.3300000000      -2.866821159    
  0.3312500000      -2.747453606    
  0.3325000000      -2.647590868    
  0.3337500000      -2.618940713    
  0.3350000000      -2.676390255    
  0.3362500000      -2.791871290    
  0.3375000000      -2.915698174    
  0.3387500000      -3.007788950    
  0.3400000000      -3.056794257    
  0.3412500000      -3.077850642    
  0.3425000000      -3.096663288    
  0.3437500000      -3.134413090    
  0.3450000000      -3.201337936    
  0.3462500000      -3.296188326    
  0.3475000000      -3.405575454    
  0.3487500000      -3.503338308    
  0.3500000000      -3.556434852    
  0.3512500000      -3.540889737    
  0.3525000000      -3.459919174    
  0.3537500000      -3.348299613    
  0.3550000000      -3.253453886    
  0.3562500000      -3.202517278    
  0.3575000000      -3.180048404    
  0.3587500000      -3.137123546    
  0.3600000000      -3.028987545    
  0.3612500000      -2.853418099    
  0.3625000000      -2.657783147    
  0.3637500000      -2.505817033    
  0.3650000000      -2.428291040    
  0.3662500000      -2.397318120    
  0.3675000000      -2.347246447    
  0.3687500000      -2.227965038    
  0.3700000000      -2.049055535    
  0.3712500000      -1.878909939    
  0.3725000000      -1.798133485    
  0.3737500000      -1.842953984    
  0.3750000000      -1.982150441    
  0.3762500000      -2.143818704    
  0.3775000000      -2.268605099    
  0.3787500000      -2.346405870    
  0.3800000000      -2.409383964    
  0.3812500000      -2.491287850    
  0.3825000000      -2.590116863    
  0.3837500000      -2.666232186    
  0.3850000000      -2.676521220    
  0.3862500000      -2.614512154    
  0.3875000000      -2.521954129    
  0.3887500000      -2.461852888    
  0.3900000000      -2.474723343    
  0.3912500000      -2.552393316    
  0.3925000000      -2.647933499    
  0.3937500000      -2.710951393    
  0.3950000000      -2.719357672    
  0.3962500000      -2.685297305    
  0.3975000000      -2.636180528    
  0.3987500000      -2.590719903    
  0.4000000000      -2.549610328    
  0.4012500000      -2.504044930    
  0.4025000000      -2.449182060    
  0.4037500000      -2.388106951    
  0.4050000000      -2.324180826    
  0.4062500000      -2.252551961    
  0.4075000000      -2.162259040    
  0.4087500000      -2.048648897    
  0.4100000000      -1.923823214    
  0.4112500000      -1.812865935    
  0.4125000000      -1.736353854    
  0.4137500000      -1.693328954    
  0.4150000000      -1.660288347    
  0.4162500000      -1.608672379    
  0.4175000000      -1.527080531    
  0.4187500000      -1.429678669    
  0.4200000000      -1.343691200    
  0.4212500000      -1.286774034    
  0.4225000000      -1.253769739    
  0.4237500000      -1.224129518    
  0.4250000000      -1.183248158    
  0.4262500000      -1.138794530    
  0.4275000000      -1.117359481    
  0.4287500000      -1.143622500    
  0.4300000000      -1.219151662    
  0.4312500000      -1.318237542    
  0.4325000000      -1.403926778    
  0.4337500000      -1.451073470    
  0.4350000000      -1.458478590    
  0.4362500000      -1.442358880    
  0.4375000000      -1.419086110    
  0.4387500000      -1.392893208    
  0.4400000000      -1.358158025    
  0.4412500000      -1.312165860    
  0.4425000000      -1.265187730    
  0.4437500000      -1.237761817    
  0.4450000000      -1.246845290    
  0.4462500000      -1.292388649    
  0.4475000000      -1.355550920    
  0.4487500000      -1.410090939    
  0.4500000000      -1.438068684    
  0.4512500000      -1.438389676    
  0.4525000000      -1.423255655    
  0.4537500000      -1.407033657    
  0.4550000000      -1.396654541    
  0.4562500000      -1.389643352    
  0.4575000000      -1.379031805    
  0.4587500000      -1.359819884    
  0.4600000000      -1.332307498    
  0.4612500000      -1.301478534    
  0.4625000000      -1.274508573    
  0.4637500000      -1.258291866    
  0.4650000000      -1.257127616    
  0.4662500000      -1.270151970    
  0.4675000000      -1.289529142    
  0.4687500000      -1.301782140    
  0.4700000000      -1.293496200    
  0.4712500000      -1.259097481    
  0.4725000000      -1.205563552    
  0.4737500000      -1.149924588    
  0.4750000000      -1.110226632    
  0.4762500000      -1.095588042    
  0.4775000000      -1.101880816    
  0.4787500000      -1.115472520    
  0.4800000000      -1.121671233    
  0.4812500000      -1.111710785    
  0.4825000000      -1.084283268    
  0.4837500000      -1.042461443    
  0.4850000000     -0.9900315523    
  0.4862500000     -0.9303841980    
  0.4875000000     -0.8676663528    
  0.4887500000     -0.8074934698    
  0.4900000000     -0.7553175288    
  0.4912500000     -0.7133130907    
  0.4925000000     -0.6782380281    
  0.4937500000     -0.6414320460    
  0.4950000000     -0.5896598310    
  0.4962500000     -0.5067792392    
  0.4975000000     -0.3873157628    
  0.4987500000     -0.2637810421    
 
   0.000000000      -13.07539064    
  0.1250000000E-02  -21.56290832    
  0.2500000000E-02  -29.18756368    
  0.3750000000E-02  -31.80140560    
  0.5000000000E-02  -28.67966819    
  0.6250000000E-02  -21.97771112    
  0.7500000000E-02  -14.82802994    
  0.8750000000E-02  -9.600315366    
  0.1000000000E-01  -7.010588162    
  0.1125000000E-01  -6.307290587    
  0.1250000000E-01  -6.177691522    
  0.1375000000E-01  -5.688728466    
  0.1500000000E-01  -4.703645940    
  0.1625000000E-01  -3.661371794    
  0.1750000000E-01  -3.035837155    
  0.1875000000E-01  -2.929215566    
  0.2000000000E-01  -3.056062828    
  0.2125000000E-01  -3.039004254    
  0.2250000000E-01  -2.722729295    
  0.2375000000E-01  -2.255448362    
  0.2500000000E-01  -1.911998632    
  0.2625000000E-01  -1.841431660    
  0.2750000000E-01  -1.955495017    
  0.2875000000E-01  -2.030628204    
  0.3000000000E-01  -1.912068623    
  0.3125000000E-01  -1.637420756    
  0.3250000000E-01  -1.384055501    
  0.3375000000E-01  -1.302168140    
  0.3500000000E-01  -1.386072362    
  0.3625000000E-01  -1.490618248    
  0.3750000000E-01  -1.467218522    
  0.3875000000E-01  -1.293391374    
  0.4000000000E-01  -1.084076697    
  0.4125000000E-01 -0.9823018738    
  0.4250000000E-01  -1.031465344    
  0.4375000000E-01  -1.141783000    
  0.4500000000E-01  -1.175537525    
  0.4625000000E-01  -1.070763446    
  0.4750000000E-01 -0.8929209660    
  0.4875000000E-01 -0.7719087180    
  0.5000000000E-01 -0.7842722046    
  0.5125000000E-01 -0.8866382861    
  0.5250000000E-01 -0.9576933200    
  0.5375000000E-01 -0.9083014768    
  0.5500000000E-01 -0.7601530466    
  0.5625000000E-01 -0.6238102770    
  0.5750000000E-01 -0.5979742677    
  0.5875000000E-01 -0.6813399067    
  0.6000000000E-01 -0.7753865563    
  0.6125000000E-01 -0.7740449584    
  0.6250000000E-01 -0.6588089972    
  0.6375000000E-01 -0.5142136781    
  0.6500000000E-01 -0.4508278046    
  0.6625000000E-01 -0.5056848774    
  0.6750000000E-01 -0.6095146587    
  0.6875000000E-01 -0.6495825224    
  0.7000000000E-01 -0.5711704448    
  0.7125000000E-01 -0.4265128200    
  0.7250000000E-01 -0.3275334534    
  0.7375000000E-01 -0.3450749969    
  0.7500000000E-01 -0.4451229833    
  0.7625000000E-01 -0.5192101631    
  0.7750000000E-01 -0.4817451639    
  0.7875000000E-01 -0.3470266024    
  0.8000000000E-01 -0.2167923018    
  0.8125000000E-01 -0.1891567991    
  0.8250000000E-01 -0.2702594669    
  0.8375000000E-01 -0.3678783673    
  0.8500000000E-01 -0.3732978022    
  0.8625000000E-01 -0.2587549167    
  0.8750000000E-01 -0.1032995485    
  0.8875000000E-01 -0.2316692455E-01
  0.9000000000E-01 -0.6786913875E-01
  0.9125000000E-01 -0.1744906920    
  0.9250000000E-01 -0.2218468811    
  0.9375000000E-01 -0.1376903932    
  0.9500000000E-01  0.3576241000E-01
  0.9625000000E-01  0.1771343524    
  0.9750000000E-01  0.1926265843    
  0.9875000000E-01  0.1009032398    
  0.1000000000      0.2029758421E-01
  0.1012500000      0.6717600716E-01
  0.1025000000      0.2528677827    
  0.1037500000      0.4701210008    
  0.1050000000      0.5840668182    
  0.1062500000      0.5516664714    
  0.1075000000      0.4661458259    
  0.1087500000      0.4842538145    
  0.1100000000      0.6940119255    
  0.1112500000       1.034806838    
  0.1125000000       1.342703270    
  0.1137500000       1.491145032    
  0.1150000000       1.514095350    
  0.1162500000       1.605175081    
  0.1175000000       1.982327051    
  0.1187500000       2.720924462    
  0.1200000000       3.699225458    
  0.1212500000       4.729029630    
  0.1225000000       5.803443180    
  0.1237500000       7.280150805    
  0.1250000000       9.820024731    
  0.1262500000       14.03493085    
  0.1275000000       19.99567721    
  0.1287500000       26.89021120    
  0.1300000000       33.10068831    
  0.1312500000       36.76797048    
  0.1325000000       36.62566197    
  0.1337500000       32.67793694    
  0.1350000000       26.31330591    
  0.1362500000       19.72021331    
  0.1375000000       14.86878388    
  0.1387500000       12.60910018    
  0.1400000000       12.40822670    
  0.1412500000       12.88467162    
  0.1425000000       12.80446214    
  0.1437500000       11.89762699    
  0.1450000000       10.96194571    
  0.1462500000       11.19825382    
  0.1475000000       13.25774749    
  0.1487500000       16.69850634    
  0.1500000000       20.27100875    
  0.1512500000       22.85491237    
  0.1525000000       24.37268361    
  0.1537500000       25.98198710    
  0.1550000000       29.34140190    
  0.1562500000       35.41594289    
  0.1575000000       43.65359487    
  0.1587500000       52.14054467    
  0.1600000000       58.67195224    
  0.1612500000       62.02961611    
  0.1625000000       62.60277206    
  0.1637500000       61.94014530    
  0.1650000000       61.56051790    
  0.1662500000       61.85143608    
  0.1675000000       61.80301876    
  0.1687500000       59.73021248    
  0.1700000000       54.46325860    
  0.1712500000       46.20000589    
  0.1725000000       36.48659662    
  0.1737500000       27.39851810    
  0.1750000000       20.49566671    
  0.1762500000       16.19900535    
  0.1775000000       13.88480095    
  0.1787500000       12.50504296    
  0.1800000000       11.25996717    
  0.1812500000       9.919941338    
  0.1825000000       8.704715951    
  0.1837500000       7.924630814    
  0.1850000000       7.679992869    
  0.1862500000       7.792760841    
  0.1875000000       7.947011989    
  0.1887500000       7.893114202    
  0.1900000000       7.579218030    
  0.1912500000       7.159472989    
  0.1925000000       6.905358803    
  0.1937500000       7.073405599    
  0.1950000000       7.777355010    
  0.1962500000       8.908629165    
  0.1975000000       10.14842314    
  0.1987500000       11.09134339    
  0.2000000000       11.44095711    
  0.2012500000       11.17409081    
  0.2025000000       10.56260245    
  0.2037500000       10.01816218    
  0.2050000000       9.846334511    
  0.2062500000       10.07069191    
  0.2075000000       10.44866378    
  0.2087500000       10.66675238    
  0.2100000000       10.57177016    
  0.2112500000       10.26939433    
  0.2125000000       10.02414580    
  0.2137500000       10.04687851    
  0.2150000000       10.33828872    
  0.2162500000       10.70684404    
  0.2175000000       10.93982376    
  0.2187500000       10.98926657    
  0.2200000000       11.03044499    
  0.2212500000       11.35554331    
  0.2225000000       12.19014562    
  0.2237500000       13.56634313    
  0.2250000000       15.32568924    
  0.2262500000       17.21766732    
  0.2275000000       18.99667299    
  0.2287500000       20.44843563    
  0.2300000000       21.36048505    
  0.2312500000       21.51090924    
  0.2325000000       20.73173514    
  0.2337500000       19.02538100    
  0.2350000000       16.64544505    
  0.2362500000       14.05806471    
  0.2375000000       11.77747361    
  0.2387500000       10.15948810    
  0.2400000000       9.270170993    
  0.2412500000       8.900221903    
  0.2425000000       8.705922171    
  0.2437500000       8.389139354    
  0.2450000000       7.822895952    
  0.2462500000       7.076789033    
  0.2475000000       6.355704235    
  0.2487500000       5.897685308    
  0.2500000000       5.875017460    
  0.2512500000       6.325313405    
  0.2525000000       7.126814765    
  0.2537500000       8.026784304    
  0.2550000000       8.722066629    
  0.2562500000       8.969497747    
  0.2575000000       8.681187719    
  0.2587500000       7.956619701    
  0.2600000000       7.030938498    
  0.2612500000       6.164025171    
  0.2625000000       5.528586937    
  0.2637500000       5.154059168    
  0.2650000000       4.947758298    
  0.2662500000       4.770086409    
  0.2675000000       4.515468665    
  0.2687500000       4.157241445    
  0.2700000000       3.742623138    
  0.2712500000       3.352077565    
  0.2725000000       3.050644892    
  0.2737500000       2.855732593    
  0.2750000000       2.733944448    
  0.2762500000       2.625957650    
  0.2775000000       2.486293190    
  0.2787500000       2.316362598    
  0.2800000000       2.169410174    
  0.2812500000       2.119430252    
  0.2825000000       2.209230181    
  0.2837500000       2.411160433    
  0.2850000000       2.631260118    
  0.2862500000       2.760267898    
  0.2875000000       2.740017417    
  0.2887500000       2.598329800    
  0.2900000000       2.425194910    
  0.2912500000       2.306191621    
  0.2925000000       2.263015274    
  0.2937500000       2.247187624    
  0.2950000000       2.191873905    
  0.2962500000       2.079594879    
  0.2975000000       1.968835735    
  0.2987500000       1.953841380    
  0.3000000000       2.085706856    
  0.3012500000       2.316332926    
  0.3025000000       2.512280444    
  0.3037500000       2.533478385    
  0.3050000000       2.322608486    
  0.3062500000       1.942815346    
  0.3075000000       1.539525234    
  0.3087500000       1.256020339    
  0.3100000000       1.161045956    
  0.3112500000       1.231321681    
  0.3125000000       1.388620780    
  0.3137500000       1.555436951    
  0.3150000000       1.690002742    
  0.3162500000       1.786737594    
  0.3175000000       1.856739466    
  0.3187500000       1.911638939    
  0.3200000000       1.960955237    
  0.3212500000       2.015241275    
  0.3225000000       2.082918032    
  0.3237500000       2.159959839    
  0.3250000000       2.224449711    
  0.3262500000       2.247376700    
  0.3275000000       2.216092321    
  0.3287500000       2.151962915    
  0.3300000000       2.104500869    
  0.3312500000       2.122035803    
  0.3325000000       2.219017868    
  0.3337500000       2.364554462    
  0.3350000000       2.501170288    
  0.3362500000       2.579898768    
  0.3375000000       2.586555273    
  0.3387500000       2.542831847    
  0.3400000000       2.485933225    
  0.3412500000       2.444590120    
  0.3425000000       2.427213120    
  0.3437500000       2.424550070    
  0.3450000000       2.418251839    
  0.3462500000       2.387222545    
  0.3475000000       2.311876681    
  0.3487500000       2.181278598    
  0.3500000000       2.003332567    
  0.3512500000       1.809317049    
  0.3525000000       1.642836240    
  0.3537500000       1.534649801    
  0.3550000000       1.480091792    
  0.3562500000       1.439375510    
  0.3575000000       1.365888594    
  0.3587500000       1.243887628    
  0.3600000000       1.105422782    
  0.3612500000       1.009637763    
  0.3625000000      0.9975640188    
  0.3637500000       1.057775564    
  0.3650000000       1.132496351    
  0.3662500000       1.162274516    
  0.3675000000       1.135006540    
  0.3687500000       1.099293508    
  0.3700000000       1.129255618    
  0.3712500000       1.266867542    
  0.3725000000       1.486724799    
  0.3737500000       1.710909615    
  0.3750000000       1.861990832    
  0.3762500000       1.912494381    
  0.3775000000       1.893494229    
  0.3787500000       1.859108103    
  0.3800000000       1.838967960    
  0.3812500000       1.818271803    
  0.3825000000       1.759710911    
  0.3837500000       1.645684566    
  0.3850000000       1.502986806    
  0.3862500000       1.388259722    
  0.3875000000       1.346190744    
  0.3887500000       1.374941454    
  0.3900000000       1.426509490    
  0.3912500000       1.440707852    
  0.3925000000       1.385197721    
  0.3937500000       1.271622712    
  0.3950000000       1.139321855    
  0.3962500000       1.023799747    
  0.3975000000      0.9359213166    
  0.3987500000      0.8646716229    
  0.4000000000      0.7950680513    
  0.4012500000      0.7223777719    
  0.4025000000      0.6514555632    
  0.4037500000      0.5862834241    
  0.4050000000      0.5235673222    
  0.4062500000      0.4580543128    
  0.4075000000      0.3934432995    
  0.4087500000      0.3456923826    
  0.4100000000      0.3324428133    
  0.4112500000      0.3565462312    
  0.4125000000      0.3992339216    
  0.4137500000      0.4313088455    
  0.4150000000      0.4347483037    
  0.4162500000      0.4168460392    
  0.4175000000      0.4043669882    
  0.4187500000      0.4220249009    
  0.4200000000      0.4732257508    
  0.4212500000      0.5392493952    
  0.4225000000      0.5971599732    
  0.4237500000      0.6405250822    
  0.4250000000      0.6846405261    
  0.4262500000      0.7514797777    
  0.4275000000      0.8472428952    
  0.4287500000      0.9519094284    
  0.4300000000       1.030123295    
  0.4312500000       1.054901543    
  0.4325000000       1.025308956    
  0.4337500000      0.9648055939    
  0.4350000000      0.9031312880    
  0.4362500000      0.8573552317    
  0.4375000000      0.8267086451    
  0.4387500000      0.8028580825    
  0.4400000000      0.7841437376    
  0.4412500000      0.7801222672    
  0.4425000000      0.8025641118    
  0.4437500000      0.8516005213    
  0.4450000000      0.9100112004    
  0.4462500000      0.9514656362    
  0.4475000000      0.9566282169    
  0.4487500000      0.9246967491    
  0.4500000000      0.8720488111    
  0.4512500000      0.8200566421    
  0.4525000000      0.7818853311    
  0.4537500000      0.7574045578    
  0.4550000000      0.7379299390    
  0.4562500000      0.7151983350    
  0.4575000000      0.6873758134    
  0.4587500000      0.6589777676    
  0.4600000000      0.6367605200    
  0.4612500000      0.6255490455    
  0.4625000000      0.6261551778    
  0.4637500000      0.6349863653    
  0.4650000000      0.6444226408    
  0.4662500000      0.6443437022    
  0.4675000000      0.6258344184    
  0.4687500000      0.5864557172    
  0.4700000000      0.5338637212    
  0.4712500000      0.4840688129    
  0.4725000000      0.4537606923    
  0.4737500000      0.4508377446    
  0.4750000000      0.4694792724    
  0.4762500000      0.4934186838    
  0.4775000000      0.5053005931    
  0.4787500000      0.4957452993    
  0.4800000000      0.4664357468    
  0.4812500000      0.4264255775    
  0.4825000000      0.3857249969    
  0.4837500000      0.3511703298    
  0.4850000000      0.3264134979    
  0.4862500000      0.3139216548    
  0.4875000000      0.3157417185    
  0.4887500000      0.3320096470    
  0.4900000000      0.3590782856    
  0.4912500000      0.3896512284    
  0.4925000000      0.4150728081    
  0.4937500000      0.4274571189    
  0.4950000000      0.4193572986    
  0.4962500000      0.3815635498    
  0.4975000000      0.3054189771    
  0.4987500000      0.2079996349    
